# JRE version: Java(TM) SE Runtime Environment (8.0_171-b11) (build 1.8.0_171-b11)
# Java VM: Java HotSpot(TM) Client VM (25.171-b11 mixed mode windows-x86 )
Heap:
 def new generation   total 4928K, used 3252K [0x03c00000, 0x04150000, 0x09150000)
  eden space 4416K,  73% used [0x03c00000, 0x03f2cf18, 0x04050000)
  from space 512K,   0% used [0x040d0000, 0x040d04d0, 0x04150000)
  to   space 512K,   0% used [0x04050000, 0x04050000, 0x040d0000)
 tenured generation   total 10944K, used 8378K [0x09150000, 0x09c00000, 0x13c00000)
   the space 10944K,  76% used [0x09150000, 0x0997e8b8, 0x0997ea00, 0x09c00000)
 Metaspace       used 9081K, capacity 9313K, committed 9472K, reserved 9600K
GC Heap History (10 events):
Event: 47.602 GC heap before
{Heap before GC invocations=32 (full 0):
 def new generation   total 4928K, used 4416K [0x03c00000, 0x04150000, 0x09150000)
  eden space 4416K, 100% used [0x03c00000, 0x04050000, 0x04050000)
  from space 512K,   0% used [0x04050000, 0x04050328, 0x040d0000)
  to   space 512K,   0% used [0x040d0000, 0x040d0000, 0x04150000)
 tenured generation   total 10944K, used 8377K [0x09150000, 0x09c00000, 0x13c00000)
   the space 10944K,  76% used [0x09150000, 0x0997e790, 0x0997e800, 0x09c00000)
 Metaspace       used 9079K, capacity 9313K, committed 9472K, reserved 9600K
Event: 47.603 GC heap after
Heap after GC invocations=33 (full 0):
 def new generation   total 4928K, used 1K [0x03c00000, 0x04150000, 0x09150000)
  eden space 4416K,   0% used [0x03c00000, 0x03c00000, 0x04050000)
  from space 512K,   0% used [0x040d0000, 0x040d0500, 0x04150000)
  to   space 512K,   0% used [0x04050000, 0x04050000, 0x040d0000)
 tenured generation   total 10944K, used 8377K [0x09150000, 0x09c00000, 0x13c00000)
   the space 10944K,  76% used [0x09150000, 0x0997e790, 0x0997e800, 0x09c00000)
 Metaspace       used 9079K, capacity 9313K, committed 9472K, reserved 9600K
}
Event: 48.187 GC heap before
{Heap before GC invocations=33 (full 0):
 def new generation   total 4928K, used 4417K [0x03c00000, 0x04150000, 0x09150000)
  eden space 4416K, 100% used [0x03c00000, 0x04050000, 0x04050000)
  from space 512K,   0% used [0x040d0000, 0x040d0500, 0x04150000)
  to   space 512K,   0% used [0x04050000, 0x04050000, 0x040d0000)
 tenured generation   total 10944K, used 8377K [0x09150000, 0x09c00000, 0x13c00000)
   the space 10944K,  76% used [0x09150000, 0x0997e790, 0x0997e800, 0x09c00000)
 Metaspace       used 9079K, capacity 9313K, committed 9472K, reserved 9600K
Event: 48.187 GC heap after
Heap after GC invocations=34 (full 0):
 def new generation   total 4928K, used 1K [0x03c00000, 0x04150000, 0x09150000)
  eden space 4416K,   0% used [0x03c00000, 0x03c00000, 0x04050000)
  from space 512K,   0% used [0x04050000, 0x040507c0, 0x040d0000)
  to   space 512K,   0% used [0x040d0000, 0x040d0000, 0x04150000)
 tenured generation   total 10944K, used 8377K [0x09150000, 0x09c00000, 0x13c00000)
   the space 10944K,  76% used [0x09150000, 0x0997e790, 0x0997e800, 0x09c00000)
 Metaspace       used 9079K, capacity 9313K, committed 9472K, reserved 9600K
}
Event: 48.775 GC heap before
{Heap before GC invocations=34 (full 0):
 def new generation   total 4928K, used 4417K [0x03c00000, 0x04150000, 0x09150000)
  eden space 4416K, 100% used [0x03c00000, 0x04050000, 0x04050000)
  from space 512K,   0% used [0x04050000, 0x040507c0, 0x040d0000)
  to   space 512K,   0% used [0x040d0000, 0x040d0000, 0x04150000)
 tenured generation   total 10944K, used 8377K [0x09150000, 0x09c00000, 0x13c00000)
   the space 10944K,  76% used [0x09150000, 0x0997e790, 0x0997e800, 0x09c00000)
 Metaspace       used 9079K, capacity 9313K, committed 9472K, reserved 9600K
Event: 48.776 GC heap after
Heap after GC invocations=35 (full 0):
 def new generation   total 4928K, used 1K [0x03c00000, 0x04150000, 0x09150000)
  eden space 4416K,   0% used [0x03c00000, 0x03c00000, 0x04050000)
  from space 512K,   0% used [0x040d0000, 0x040d0668, 0x04150000)
  to   space 512K,   0% used [0x04050000, 0x04050000, 0x040d0000)
 tenured generation   total 10944K, used 8377K [0x09150000, 0x09c00000, 0x13c00000)
   the space 10944K,  76% used [0x09150000, 0x0997e790, 0x0997e800, 0x09c00000)
 Metaspace       used 9079K, capacity 9313K, committed 9472K, reserved 9600K
}
Event: 49.354 GC heap before
{Heap before GC invocations=35 (full 0):
 def new generation   total 4928K, used 4417K [0x03c00000, 0x04150000, 0x09150000)
  eden space 4416K, 100% used [0x03c00000, 0x04050000, 0x04050000)
  from space 512K,   0% used [0x040d0000, 0x040d0668, 0x04150000)
  to   space 512K,   0% used [0x04050000, 0x04050000, 0x040d0000)
 tenured generation   total 10944K, used 8377K [0x09150000, 0x09c00000, 0x13c00000)
   the space 10944K,  76% used [0x09150000, 0x0997e790, 0x0997e800, 0x09c00000)
 Metaspace       used 9079K, capacity 9313K, committed 9472K, reserved 9600K
Event: 49.354 GC heap after
Heap after GC invocations=36 (full 0):
 def new generation   total 4928K, used 1K [0x03c00000, 0x04150000, 0x09150000)
  eden space 4416K,   0% used [0x03c00000, 0x03c00000, 0x04050000)
  from space 512K,   0% used [0x04050000, 0x04050490, 0x040d0000)
  to   space 512K,   0% used [0x040d0000, 0x040d0000, 0x04150000)
 tenured generation   total 10944K, used 8378K [0x09150000, 0x09c00000, 0x13c00000)
   the space 10944K,  76% used [0x09150000, 0x0997e8b8, 0x0997ea00, 0x09c00000)
 Metaspace       used 9079K, capacity 9313K, committed 9472K, reserved 9600K
}
Event: 49.922 GC heap before
{Heap before GC invocations=36 (full 0):
 def new generation   total 4928K, used 4417K [0x03c00000, 0x04150000, 0x09150000)
  eden space 4416K, 100% used [0x03c00000, 0x04050000, 0x04050000)
  from space 512K,   0% used [0x04050000, 0x04050490, 0x040d0000)
  to   space 512K,   0% used [0x040d0000, 0x040d0000, 0x04150000)
 tenured generation   total 10944K, used 8378K [0x09150000, 0x09c00000, 0x13c00000)
   the space 10944K,  76% used [0x09150000, 0x0997e8b8, 0x0997ea00, 0x09c00000)
 Metaspace       used 9079K, capacity 9313K, committed 9472K, reserved 9600K
Event: 49.923 GC heap after
Heap after GC invocations=37 (full 0):
 def new generation   total 4928K, used 1K [0x03c00000, 0x04150000, 0x09150000)
  eden space 4416K,   0% used [0x03c00000, 0x03c00000, 0x04050000)
  from space 512K,   0% used [0x040d0000, 0x040d04d0, 0x04150000)
  to   space 512K,   0% used [0x04050000, 0x04050000, 0x040d0000)
 tenured generation   total 10944K, used 8378K [0x09150000, 0x09c00000, 0x13c00000)
   the space 10944K,  76% used [0x09150000, 0x0997e8b8, 0x0997ea00, 0x09c00000)
 Metaspace       used 9079K, capacity 9313K, committed 9472K, reserved 9600K
}

