# JRE version: Java(TM) SE Runtime Environment (8.0_171-b11) (build 1.8.0_171-b11)
# Java VM: Java HotSpot(TM) Client VM (25.171-b11 mixed mode windows-x86 )
Heap:
 def new generation   total 4928K, used 3352K [0x03e00000, 0x04350000, 0x09350000)
  eden space 4416K,  75% used [0x03e00000, 0x04145f48, 0x04250000)
  from space 512K,   0% used [0x042d0000, 0x042d0148, 0x04350000)
  to   space 512K,   0% used [0x04250000, 0x04250000, 0x042d0000)
 tenured generation   total 10944K, used 7883K [0x09350000, 0x09e00000, 0x13e00000)
   the space 10944K,  72% used [0x09350000, 0x09b02fd8, 0x09b03000, 0x09e00000)
 Metaspace       used 8455K, capacity 8639K, committed 8704K, reserved 9600K
GC Heap History (10 events):
Event: 18.608 GC heap before
{Heap before GC invocations=18 (full 0):
 def new generation   total 4928K, used 4419K [0x03e00000, 0x04350000, 0x09350000)
  eden space 4416K, 100% used [0x03e00000, 0x04250000, 0x04250000)
  from space 512K,   0% used [0x04250000, 0x04250e08, 0x042d0000)
  to   space 512K,   0% used [0x042d0000, 0x042d0000, 0x04350000)
 tenured generation   total 10944K, used 7880K [0x09350000, 0x09e00000, 0x13e00000)
   the space 10944K,  72% used [0x09350000, 0x09b02320, 0x09b02400, 0x09e00000)
 Metaspace       used 8454K, capacity 8639K, committed 8704K, reserved 9600K
Event: 18.608 GC heap after
Heap after GC invocations=19 (full 0):
 def new generation   total 4928K, used 3K [0x03e00000, 0x04350000, 0x09350000)
  eden space 4416K,   0% used [0x03e00000, 0x03e00000, 0x04250000)
  from space 512K,   0% used [0x042d0000, 0x042d0df0, 0x04350000)
  to   space 512K,   0% used [0x04250000, 0x04250000, 0x042d0000)
 tenured generation   total 10944K, used 7880K [0x09350000, 0x09e00000, 0x13e00000)
   the space 10944K,  72% used [0x09350000, 0x09b02320, 0x09b02400, 0x09e00000)
 Metaspace       used 8454K, capacity 8639K, committed 8704K, reserved 9600K
}
Event: 19.503 GC heap before
{Heap before GC invocations=19 (full 0):
 def new generation   total 4928K, used 4419K [0x03e00000, 0x04350000, 0x09350000)
  eden space 4416K, 100% used [0x03e00000, 0x04250000, 0x04250000)
  from space 512K,   0% used [0x042d0000, 0x042d0df0, 0x04350000)
  to   space 512K,   0% used [0x04250000, 0x04250000, 0x042d0000)
 tenured generation   total 10944K, used 7880K [0x09350000, 0x09e00000, 0x13e00000)
   the space 10944K,  72% used [0x09350000, 0x09b02320, 0x09b02400, 0x09e00000)
 Metaspace       used 8454K, capacity 8639K, committed 8704K, reserved 9600K
Event: 19.504 GC heap after
Heap after GC invocations=20 (full 0):
 def new generation   total 4928K, used 3K [0x03e00000, 0x04350000, 0x09350000)
  eden space 4416K,   0% used [0x03e00000, 0x03e00000, 0x04250000)
  from space 512K,   0% used [0x04250000, 0x04250df0, 0x042d0000)
  to   space 512K,   0% used [0x042d0000, 0x042d0000, 0x04350000)
 tenured generation   total 10944K, used 7880K [0x09350000, 0x09e00000, 0x13e00000)
   the space 10944K,  72% used [0x09350000, 0x09b02320, 0x09b02400, 0x09e00000)
 Metaspace       used 8454K, capacity 8639K, committed 8704K, reserved 9600K
}
Event: 20.183 GC heap before
{Heap before GC invocations=20 (full 0):
 def new generation   total 4928K, used 4419K [0x03e00000, 0x04350000, 0x09350000)
  eden space 4416K, 100% used [0x03e00000, 0x04250000, 0x04250000)
  from space 512K,   0% used [0x04250000, 0x04250df0, 0x042d0000)
  to   space 512K,   0% used [0x042d0000, 0x042d0000, 0x04350000)
 tenured generation   total 10944K, used 7880K [0x09350000, 0x09e00000, 0x13e00000)
   the space 10944K,  72% used [0x09350000, 0x09b02320, 0x09b02400, 0x09e00000)
 Metaspace       used 8454K, capacity 8639K, committed 8704K, reserved 9600K
Event: 20.183 GC heap after
Heap after GC invocations=21 (full 0):
 def new generation   total 4928K, used 2K [0x03e00000, 0x04350000, 0x09350000)
  eden space 4416K,   0% used [0x03e00000, 0x03e00000, 0x04250000)
  from space 512K,   0% used [0x042d0000, 0x042d0bf8, 0x04350000)
  to   space 512K,   0% used [0x04250000, 0x04250000, 0x042d0000)
 tenured generation   total 10944K, used 7881K [0x09350000, 0x09e00000, 0x13e00000)
   the space 10944K,  72% used [0x09350000, 0x09b02518, 0x09b02600, 0x09e00000)
 Metaspace       used 8454K, capacity 8639K, committed 8704K, reserved 9600K
}
Event: 20.857 GC heap before
{Heap before GC invocations=21 (full 0):
 def new generation   total 4928K, used 4418K [0x03e00000, 0x04350000, 0x09350000)
  eden space 4416K, 100% used [0x03e00000, 0x04250000, 0x04250000)
  from space 512K,   0% used [0x042d0000, 0x042d0bf8, 0x04350000)
  to   space 512K,   0% used [0x04250000, 0x04250000, 0x042d0000)
 tenured generation   total 10944K, used 7881K [0x09350000, 0x09e00000, 0x13e00000)
   the space 10944K,  72% used [0x09350000, 0x09b02518, 0x09b02600, 0x09e00000)
 Metaspace       used 8454K, capacity 8639K, committed 8704K, reserved 9600K
Event: 20.858 GC heap after
Heap after GC invocations=22 (full 0):
 def new generation   total 4928K, used 0K [0x03e00000, 0x04350000, 0x09350000)
  eden space 4416K,   0% used [0x03e00000, 0x03e00000, 0x04250000)
  from space 512K,   0% used [0x04250000, 0x04250148, 0x042d0000)
  to   space 512K,   0% used [0x042d0000, 0x042d0000, 0x04350000)
 tenured generation   total 10944K, used 7883K [0x09350000, 0x09e00000, 0x13e00000)
   the space 10944K,  72% used [0x09350000, 0x09b02f78, 0x09b03000, 0x09e00000)
 Metaspace       used 8454K, capacity 8639K, committed 8704K, reserved 9600K
}
Event: 21.530 GC heap before
{Heap before GC invocations=22 (full 0):
 def new generation   total 4928K, used 4416K [0x03e00000, 0x04350000, 0x09350000)
  eden space 4416K, 100% used [0x03e00000, 0x04250000, 0x04250000)
  from space 512K,   0% used [0x04250000, 0x04250148, 0x042d0000)
  to   space 512K,   0% used [0x042d0000, 0x042d0000, 0x04350000)
 tenured generation   total 10944K, used 7883K [0x09350000, 0x09e00000, 0x13e00000)
   the space 10944K,  72% used [0x09350000, 0x09b02f78, 0x09b03000, 0x09e00000)
 Metaspace       used 8454K, capacity 8639K, committed 8704K, reserved 9600K
Event: 21.531 GC heap after
Heap after GC invocations=23 (full 0):
 def new generation   total 4928K, used 0K [0x03e00000, 0x04350000, 0x09350000)
  eden space 4416K,   0% used [0x03e00000, 0x03e00000, 0x04250000)
  from space 512K,   0% used [0x042d0000, 0x042d0148, 0x04350000)
  to   space 512K,   0% used [0x04250000, 0x04250000, 0x042d0000)
 tenured generation   total 10944K, used 7883K [0x09350000, 0x09e00000, 0x13e00000)
   the space 10944K,  72% used [0x09350000, 0x09b02fd8, 0x09b03000, 0x09e00000)
 Metaspace       used 8454K, capacity 8639K, committed 8704K, reserved 9600K
}

