# JRE version: Java(TM) SE Runtime Environment (8.0_171-b11) (build 1.8.0_171-b11)
# Java VM: Java HotSpot(TM) Client VM (25.171-b11 mixed mode windows-x86 )
Heap:
 def new generation   total 4928K, used 1314K [0x03c00000, 0x04150000, 0x09150000)
  eden space 4416K,  29% used [0x03c00000, 0x03d44ee0, 0x04050000)
  from space 512K,   2% used [0x04050000, 0x04053938, 0x040d0000)
  to   space 512K,   0% used [0x040d0000, 0x040d0000, 0x04150000)
 tenured generation   total 10944K, used 7964K [0x09150000, 0x09c00000, 0x13c00000)
   the space 10944K,  72% used [0x09150000, 0x09917170, 0x09917200, 0x09c00000)
 Metaspace       used 6499K, capacity 6679K, committed 6784K, reserved 7552K
GC Heap History (10 events):
Event: 104.625 GC heap before
{Heap before GC invocations=13 (full 0):
 def new generation   total 4928K, used 4430K [0x03c00000, 0x04150000, 0x09150000)
  eden space 4416K, 100% used [0x03c00000, 0x04050000, 0x04050000)
  from space 512K,   2% used [0x040d0000, 0x040d38b0, 0x04150000)
  to   space 512K,   0% used [0x04050000, 0x04050000, 0x040d0000)
 tenured generation   total 10944K, used 7964K [0x09150000, 0x09c00000, 0x13c00000)
   the space 10944K,  72% used [0x09150000, 0x09917170, 0x09917200, 0x09c00000)
 Metaspace       used 6497K, capacity 6679K, committed 6784K, reserved 7552K
Event: 104.626 GC heap after
Heap after GC invocations=14 (full 0):
 def new generation   total 4928K, used 13K [0x03c00000, 0x04150000, 0x09150000)
  eden space 4416K,   0% used [0x03c00000, 0x03c00000, 0x04050000)
  from space 512K,   2% used [0x04050000, 0x04053738, 0x040d0000)
  to   space 512K,   0% used [0x040d0000, 0x040d0000, 0x04150000)
 tenured generation   total 10944K, used 7964K [0x09150000, 0x09c00000, 0x13c00000)
   the space 10944K,  72% used [0x09150000, 0x09917170, 0x09917200, 0x09c00000)
 Metaspace       used 6497K, capacity 6679K, committed 6784K, reserved 7552K
}
Event: 105.239 GC heap before
{Heap before GC invocations=14 (full 0):
 def new generation   total 4928K, used 4429K [0x03c00000, 0x04150000, 0x09150000)
  eden space 4416K, 100% used [0x03c00000, 0x04050000, 0x04050000)
  from space 512K,   2% used [0x04050000, 0x04053738, 0x040d0000)
  to   space 512K,   0% used [0x040d0000, 0x040d0000, 0x04150000)
 tenured generation   total 10944K, used 7964K [0x09150000, 0x09c00000, 0x13c00000)
   the space 10944K,  72% used [0x09150000, 0x09917170, 0x09917200, 0x09c00000)
 Metaspace       used 6497K, capacity 6679K, committed 6784K, reserved 7552K
Event: 105.240 GC heap after
Heap after GC invocations=15 (full 0):
 def new generation   total 4928K, used 13K [0x03c00000, 0x04150000, 0x09150000)
  eden space 4416K,   0% used [0x03c00000, 0x03c00000, 0x04050000)
  from space 512K,   2% used [0x040d0000, 0x040d3780, 0x04150000)
  to   space 512K,   0% used [0x04050000, 0x04050000, 0x040d0000)
 tenured generation   total 10944K, used 7964K [0x09150000, 0x09c00000, 0x13c00000)
   the space 10944K,  72% used [0x09150000, 0x09917170, 0x09917200, 0x09c00000)
 Metaspace       used 6497K, capacity 6679K, committed 6784K, reserved 7552K
}
Event: 105.915 GC heap before
{Heap before GC invocations=15 (full 0):
 def new generation   total 4928K, used 4429K [0x03c00000, 0x04150000, 0x09150000)
  eden space 4416K, 100% used [0x03c00000, 0x04050000, 0x04050000)
  from space 512K,   2% used [0x040d0000, 0x040d3780, 0x04150000)
  to   space 512K,   0% used [0x04050000, 0x04050000, 0x040d0000)
 tenured generation   total 10944K, used 7964K [0x09150000, 0x09c00000, 0x13c00000)
   the space 10944K,  72% used [0x09150000, 0x09917170, 0x09917200, 0x09c00000)
 Metaspace       used 6498K, capacity 6679K, committed 6784K, reserved 7552K
Event: 105.916 GC heap after
Heap after GC invocations=16 (full 0):
 def new generation   total 4928K, used 14K [0x03c00000, 0x04150000, 0x09150000)
  eden space 4416K,   0% used [0x03c00000, 0x03c00000, 0x04050000)
  from space 512K,   2% used [0x04050000, 0x040538f8, 0x040d0000)
  to   space 512K,   0% used [0x040d0000, 0x040d0000, 0x04150000)
 tenured generation   total 10944K, used 7964K [0x09150000, 0x09c00000, 0x13c00000)
   the space 10944K,  72% used [0x09150000, 0x09917170, 0x09917200, 0x09c00000)
 Metaspace       used 6498K, capacity 6679K, committed 6784K, reserved 7552K
}
Event: 106.574 GC heap before
{Heap before GC invocations=16 (full 0):
 def new generation   total 4928K, used 4430K [0x03c00000, 0x04150000, 0x09150000)
  eden space 4416K, 100% used [0x03c00000, 0x04050000, 0x04050000)
  from space 512K,   2% used [0x04050000, 0x040538f8, 0x040d0000)
  to   space 512K,   0% used [0x040d0000, 0x040d0000, 0x04150000)
 tenured generation   total 10944K, used 7964K [0x09150000, 0x09c00000, 0x13c00000)
   the space 10944K,  72% used [0x09150000, 0x09917170, 0x09917200, 0x09c00000)
 Metaspace       used 6498K, capacity 6679K, committed 6784K, reserved 7552K
Event: 106.575 GC heap after
Heap after GC invocations=17 (full 0):
 def new generation   total 4928K, used 14K [0x03c00000, 0x04150000, 0x09150000)
  eden space 4416K,   0% used [0x03c00000, 0x03c00000, 0x04050000)
  from space 512K,   2% used [0x040d0000, 0x040d3898, 0x04150000)
  to   space 512K,   0% used [0x04050000, 0x04050000, 0x040d0000)
 tenured generation   total 10944K, used 7964K [0x09150000, 0x09c00000, 0x13c00000)
   the space 10944K,  72% used [0x09150000, 0x09917170, 0x09917200, 0x09c00000)
 Metaspace       used 6498K, capacity 6679K, committed 6784K, reserved 7552K
}
Event: 107.196 GC heap before
{Heap before GC invocations=17 (full 0):
 def new generation   total 4928K, used 4430K [0x03c00000, 0x04150000, 0x09150000)
  eden space 4416K, 100% used [0x03c00000, 0x04050000, 0x04050000)
  from space 512K,   2% used [0x040d0000, 0x040d3898, 0x04150000)
  to   space 512K,   0% used [0x04050000, 0x04050000, 0x040d0000)
 tenured generation   total 10944K, used 7964K [0x09150000, 0x09c00000, 0x13c00000)
   the space 10944K,  72% used [0x09150000, 0x09917170, 0x09917200, 0x09c00000)
 Metaspace       used 6498K, capacity 6679K, committed 6784K, reserved 7552K
Event: 107.197 GC heap after
Heap after GC invocations=18 (full 0):
 def new generation   total 4928K, used 14K [0x03c00000, 0x04150000, 0x09150000)
  eden space 4416K,   0% used [0x03c00000, 0x03c00000, 0x04050000)
  from space 512K,   2% used [0x04050000, 0x04053938, 0x040d0000)
  to   space 512K,   0% used [0x040d0000, 0x040d0000, 0x04150000)
 tenured generation   total 10944K, used 7964K [0x09150000, 0x09c00000, 0x13c00000)
   the space 10944K,  72% used [0x09150000, 0x09917170, 0x09917200, 0x09c00000)
 Metaspace       used 6498K, capacity 6679K, committed 6784K, reserved 7552K
}

