# JRE version: Java(TM) SE Runtime Environment (8.0_171-b11) (build 1.8.0_171-b11)
# Java VM: Java HotSpot(TM) Client VM (25.171-b11 mixed mode windows-x86 )
Heap:
 def new generation   total 4928K, used 397K [0x03e00000, 0x04350000, 0x09350000)
  eden space 4416K,   8% used [0x03e00000, 0x03e630a0, 0x04250000)
  from space 512K,   0% used [0x04250000, 0x042505d8, 0x042d0000)
  to   space 512K,   0% used [0x042d0000, 0x042d0000, 0x04350000)
 tenured generation   total 10944K, used 7685K [0x09350000, 0x09e00000, 0x13e00000)
   the space 10944K,  70% used [0x09350000, 0x09ad17c8, 0x09ad1800, 0x09e00000)
 Metaspace       used 8437K, capacity 8631K, committed 8704K, reserved 9600K
GC Heap History (10 events):
Event: 79.555 GC heap before
{Heap before GC invocations=117 (full 0):
 def new generation   total 4928K, used 4416K [0x03e00000, 0x04350000, 0x09350000)
  eden space 4416K, 100% used [0x03e00000, 0x04250000, 0x04250000)
  from space 512K,   0% used [0x042d0000, 0x042d0188, 0x04350000)
  to   space 512K,   0% used [0x04250000, 0x04250000, 0x042d0000)
 tenured generation   total 10944K, used 7685K [0x09350000, 0x09e00000, 0x13e00000)
   the space 10944K,  70% used [0x09350000, 0x09ad17c8, 0x09ad1800, 0x09e00000)
 Metaspace       used 8435K, capacity 8631K, committed 8704K, reserved 9600K
Event: 79.555 GC heap after
Heap after GC invocations=118 (full 0):
 def new generation   total 4928K, used 0K [0x03e00000, 0x04350000, 0x09350000)
  eden space 4416K,   0% used [0x03e00000, 0x03e00000, 0x04250000)
  from space 512K,   0% used [0x04250000, 0x04250188, 0x042d0000)
  to   space 512K,   0% used [0x042d0000, 0x042d0000, 0x04350000)
 tenured generation   total 10944K, used 7685K [0x09350000, 0x09e00000, 0x13e00000)
   the space 10944K,  70% used [0x09350000, 0x09ad17c8, 0x09ad1800, 0x09e00000)
 Metaspace       used 8435K, capacity 8631K, committed 8704K, reserved 9600K
}
Event: 80.193 GC heap before
{Heap before GC invocations=118 (full 0):
 def new generation   total 4928K, used 4416K [0x03e00000, 0x04350000, 0x09350000)
  eden space 4416K, 100% used [0x03e00000, 0x04250000, 0x04250000)
  from space 512K,   0% used [0x04250000, 0x04250188, 0x042d0000)
  to   space 512K,   0% used [0x042d0000, 0x042d0000, 0x04350000)
 tenured generation   total 10944K, used 7685K [0x09350000, 0x09e00000, 0x13e00000)
   the space 10944K,  70% used [0x09350000, 0x09ad17c8, 0x09ad1800, 0x09e00000)
 Metaspace       used 8435K, capacity 8631K, committed 8704K, reserved 9600K
Event: 80.194 GC heap after
Heap after GC invocations=119 (full 0):
 def new generation   total 4928K, used 0K [0x03e00000, 0x04350000, 0x09350000)
  eden space 4416K,   0% used [0x03e00000, 0x03e00000, 0x04250000)
  from space 512K,   0% used [0x042d0000, 0x042d0390, 0x04350000)
  to   space 512K,   0% used [0x04250000, 0x04250000, 0x042d0000)
 tenured generation   total 10944K, used 7685K [0x09350000, 0x09e00000, 0x13e00000)
   the space 10944K,  70% used [0x09350000, 0x09ad17c8, 0x09ad1800, 0x09e00000)
 Metaspace       used 8435K, capacity 8631K, committed 8704K, reserved 9600K
}
Event: 80.823 GC heap before
{Heap before GC invocations=119 (full 0):
 def new generation   total 4928K, used 4416K [0x03e00000, 0x04350000, 0x09350000)
  eden space 4416K, 100% used [0x03e00000, 0x04250000, 0x04250000)
  from space 512K,   0% used [0x042d0000, 0x042d0390, 0x04350000)
  to   space 512K,   0% used [0x04250000, 0x04250000, 0x042d0000)
 tenured generation   total 10944K, used 7685K [0x09350000, 0x09e00000, 0x13e00000)
   the space 10944K,  70% used [0x09350000, 0x09ad17c8, 0x09ad1800, 0x09e00000)
 Metaspace       used 8435K, capacity 8631K, committed 8704K, reserved 9600K
Event: 80.823 GC heap after
Heap after GC invocations=120 (full 0):
 def new generation   total 4928K, used 0K [0x03e00000, 0x04350000, 0x09350000)
  eden space 4416K,   0% used [0x03e00000, 0x03e00000, 0x04250000)
  from space 512K,   0% used [0x04250000, 0x04250310, 0x042d0000)
  to   space 512K,   0% used [0x042d0000, 0x042d0000, 0x04350000)
 tenured generation   total 10944K, used 7685K [0x09350000, 0x09e00000, 0x13e00000)
   the space 10944K,  70% used [0x09350000, 0x09ad17c8, 0x09ad1800, 0x09e00000)
 Metaspace       used 8435K, capacity 8631K, committed 8704K, reserved 9600K
}
Event: 81.466 GC heap before
{Heap before GC invocations=120 (full 0):
 def new generation   total 4928K, used 4416K [0x03e00000, 0x04350000, 0x09350000)
  eden space 4416K, 100% used [0x03e00000, 0x04250000, 0x04250000)
  from space 512K,   0% used [0x04250000, 0x04250310, 0x042d0000)
  to   space 512K,   0% used [0x042d0000, 0x042d0000, 0x04350000)
 tenured generation   total 10944K, used 7685K [0x09350000, 0x09e00000, 0x13e00000)
   the space 10944K,  70% used [0x09350000, 0x09ad17c8, 0x09ad1800, 0x09e00000)
 Metaspace       used 8435K, capacity 8631K, committed 8704K, reserved 9600K
Event: 81.467 GC heap after
Heap after GC invocations=121 (full 0):
 def new generation   total 4928K, used 0K [0x03e00000, 0x04350000, 0x09350000)
  eden space 4416K,   0% used [0x03e00000, 0x03e00000, 0x04250000)
  from space 512K,   0% used [0x042d0000, 0x042d0310, 0x04350000)
  to   space 512K,   0% used [0x04250000, 0x04250000, 0x042d0000)
 tenured generation   total 10944K, used 7685K [0x09350000, 0x09e00000, 0x13e00000)
   the space 10944K,  70% used [0x09350000, 0x09ad17c8, 0x09ad1800, 0x09e00000)
 Metaspace       used 8435K, capacity 8631K, committed 8704K, reserved 9600K
}
Event: 82.077 GC heap before
{Heap before GC invocations=121 (full 0):
 def new generation   total 4928K, used 4416K [0x03e00000, 0x04350000, 0x09350000)
  eden space 4416K, 100% used [0x03e00000, 0x04250000, 0x04250000)
  from space 512K,   0% used [0x042d0000, 0x042d0310, 0x04350000)
  to   space 512K,   0% used [0x04250000, 0x04250000, 0x042d0000)
 tenured generation   total 10944K, used 7685K [0x09350000, 0x09e00000, 0x13e00000)
   the space 10944K,  70% used [0x09350000, 0x09ad17c8, 0x09ad1800, 0x09e00000)
 Metaspace       used 8437K, capacity 8631K, committed 8704K, reserved 9600K
Event: 82.078 GC heap after
Heap after GC invocations=122 (full 0):
 def new generation   total 4928K, used 1K [0x03e00000, 0x04350000, 0x09350000)
  eden space 4416K,   0% used [0x03e00000, 0x03e00000, 0x04250000)
  from space 512K,   0% used [0x04250000, 0x042505d8, 0x042d0000)
  to   space 512K,   0% used [0x042d0000, 0x042d0000, 0x04350000)
 tenured generation   total 10944K, used 7685K [0x09350000, 0x09e00000, 0x13e00000)
   the space 10944K,  70% used [0x09350000, 0x09ad17c8, 0x09ad1800, 0x09e00000)
 Metaspace       used 8437K, capacity 8631K, committed 8704K, reserved 9600K
}

