# JRE version: Java(TM) SE Runtime Environment (8.0_171-b11) (build 1.8.0_171-b11)
# Java VM: Java HotSpot(TM) Client VM (25.171-b11 mixed mode windows-x86 )
Heap:
 def new generation   total 4928K, used 1665K [0x03c00000, 0x04150000, 0x09150000)
  eden space 4416K,  37% used [0x03c00000, 0x03da0300, 0x04050000)
  from space 512K,   0% used [0x040d0000, 0x040d04b0, 0x04150000)
  to   space 512K,   0% used [0x04050000, 0x04050000, 0x040d0000)
 tenured generation   total 10944K, used 7938K [0x09150000, 0x09c00000, 0x13c00000)
   the space 10944K,  72% used [0x09150000, 0x09910848, 0x09910a00, 0x09c00000)
 Metaspace       used 8478K, capacity 8671K, committed 8832K, reserved 9600K
GC Heap History (10 events):
Event: 43.758 GC heap before
{Heap before GC invocations=56 (full 0):
 def new generation   total 4928K, used 4416K [0x03c00000, 0x04150000, 0x09150000)
  eden space 4416K, 100% used [0x03c00000, 0x04050000, 0x04050000)
  from space 512K,   0% used [0x04050000, 0x04050150, 0x040d0000)
  to   space 512K,   0% used [0x040d0000, 0x040d0000, 0x04150000)
 tenured generation   total 10944K, used 7938K [0x09150000, 0x09c00000, 0x13c00000)
   the space 10944K,  72% used [0x09150000, 0x09910848, 0x09910a00, 0x09c00000)
 Metaspace       used 8477K, capacity 8671K, committed 8832K, reserved 9600K
Event: 43.759 GC heap after
Heap after GC invocations=57 (full 0):
 def new generation   total 4928K, used 0K [0x03c00000, 0x04150000, 0x09150000)
  eden space 4416K,   0% used [0x03c00000, 0x03c00000, 0x04050000)
  from space 512K,   0% used [0x040d0000, 0x040d00e8, 0x04150000)
  to   space 512K,   0% used [0x04050000, 0x04050000, 0x040d0000)
 tenured generation   total 10944K, used 7938K [0x09150000, 0x09c00000, 0x13c00000)
   the space 10944K,  72% used [0x09150000, 0x09910848, 0x09910a00, 0x09c00000)
 Metaspace       used 8477K, capacity 8671K, committed 8832K, reserved 9600K
}
Event: 44.400 GC heap before
{Heap before GC invocations=57 (full 0):
 def new generation   total 4928K, used 4416K [0x03c00000, 0x04150000, 0x09150000)
  eden space 4416K, 100% used [0x03c00000, 0x04050000, 0x04050000)
  from space 512K,   0% used [0x040d0000, 0x040d00e8, 0x04150000)
  to   space 512K,   0% used [0x04050000, 0x04050000, 0x040d0000)
 tenured generation   total 10944K, used 7938K [0x09150000, 0x09c00000, 0x13c00000)
   the space 10944K,  72% used [0x09150000, 0x09910848, 0x09910a00, 0x09c00000)
 Metaspace       used 8477K, capacity 8671K, committed 8832K, reserved 9600K
Event: 44.401 GC heap after
Heap after GC invocations=58 (full 0):
 def new generation   total 4928K, used 1K [0x03c00000, 0x04150000, 0x09150000)
  eden space 4416K,   0% used [0x03c00000, 0x03c00000, 0x04050000)
  from space 512K,   0% used [0x04050000, 0x04050410, 0x040d0000)
  to   space 512K,   0% used [0x040d0000, 0x040d0000, 0x04150000)
 tenured generation   total 10944K, used 7938K [0x09150000, 0x09c00000, 0x13c00000)
   the space 10944K,  72% used [0x09150000, 0x09910848, 0x09910a00, 0x09c00000)
 Metaspace       used 8477K, capacity 8671K, committed 8832K, reserved 9600K
}
Event: 45.098 GC heap before
{Heap before GC invocations=58 (full 0):
 def new generation   total 4928K, used 4417K [0x03c00000, 0x04150000, 0x09150000)
  eden space 4416K, 100% used [0x03c00000, 0x04050000, 0x04050000)
  from space 512K,   0% used [0x04050000, 0x04050410, 0x040d0000)
  to   space 512K,   0% used [0x040d0000, 0x040d0000, 0x04150000)
 tenured generation   total 10944K, used 7938K [0x09150000, 0x09c00000, 0x13c00000)
   the space 10944K,  72% used [0x09150000, 0x09910848, 0x09910a00, 0x09c00000)
 Metaspace       used 8477K, capacity 8671K, committed 8832K, reserved 9600K
Event: 45.099 GC heap after
Heap after GC invocations=59 (full 0):
 def new generation   total 4928K, used 151K [0x03c00000, 0x04150000, 0x09150000)
  eden space 4416K,   0% used [0x03c00000, 0x03c00000, 0x04050000)
  from space 512K,  29% used [0x040d0000, 0x040f5f68, 0x04150000)
  to   space 512K,   0% used [0x04050000, 0x04050000, 0x040d0000)
 tenured generation   total 10944K, used 7938K [0x09150000, 0x09c00000, 0x13c00000)
   the space 10944K,  72% used [0x09150000, 0x09910848, 0x09910a00, 0x09c00000)
 Metaspace       used 8477K, capacity 8671K, committed 8832K, reserved 9600K
}
Event: 45.728 GC heap before
{Heap before GC invocations=59 (full 0):
 def new generation   total 4928K, used 4567K [0x03c00000, 0x04150000, 0x09150000)
  eden space 4416K, 100% used [0x03c00000, 0x04050000, 0x04050000)
  from space 512K,  29% used [0x040d0000, 0x040f5f68, 0x04150000)
  to   space 512K,   0% used [0x04050000, 0x04050000, 0x040d0000)
 tenured generation   total 10944K, used 7938K [0x09150000, 0x09c00000, 0x13c00000)
   the space 10944K,  72% used [0x09150000, 0x09910848, 0x09910a00, 0x09c00000)
 Metaspace       used 8477K, capacity 8671K, committed 8832K, reserved 9600K
Event: 45.729 GC heap after
Heap after GC invocations=60 (full 0):
 def new generation   total 4928K, used 2K [0x03c00000, 0x04150000, 0x09150000)
  eden space 4416K,   0% used [0x03c00000, 0x03c00000, 0x04050000)
  from space 512K,   0% used [0x04050000, 0x04050a60, 0x040d0000)
  to   space 512K,   0% used [0x040d0000, 0x040d0000, 0x04150000)
 tenured generation   total 10944K, used 7938K [0x09150000, 0x09c00000, 0x13c00000)
   the space 10944K,  72% used [0x09150000, 0x09910848, 0x09910a00, 0x09c00000)
 Metaspace       used 8477K, capacity 8671K, committed 8832K, reserved 9600K
}
Event: 46.375 GC heap before
{Heap before GC invocations=60 (full 0):
 def new generation   total 4928K, used 4418K [0x03c00000, 0x04150000, 0x09150000)
  eden space 4416K, 100% used [0x03c00000, 0x04050000, 0x04050000)
  from space 512K,   0% used [0x04050000, 0x04050a60, 0x040d0000)
  to   space 512K,   0% used [0x040d0000, 0x040d0000, 0x04150000)
 tenured generation   total 10944K, used 7938K [0x09150000, 0x09c00000, 0x13c00000)
   the space 10944K,  72% used [0x09150000, 0x09910848, 0x09910a00, 0x09c00000)
 Metaspace       used 8477K, capacity 8671K, committed 8832K, reserved 9600K
Event: 46.377 GC heap after
Heap after GC invocations=61 (full 0):
 def new generation   total 4928K, used 1K [0x03c00000, 0x04150000, 0x09150000)
  eden space 4416K,   0% used [0x03c00000, 0x03c00000, 0x04050000)
  from space 512K,   0% used [0x040d0000, 0x040d04b0, 0x04150000)
  to   space 512K,   0% used [0x04050000, 0x04050000, 0x040d0000)
 tenured generation   total 10944K, used 7938K [0x09150000, 0x09c00000, 0x13c00000)
   the space 10944K,  72% used [0x09150000, 0x09910848, 0x09910a00, 0x09c00000)
 Metaspace       used 8477K, capacity 8671K, committed 8832K, reserved 9600K
}

