# JRE version: Java(TM) SE Runtime Environment (8.0_171-b11) (build 1.8.0_171-b11)
# Java VM: Java HotSpot(TM) Client VM (25.171-b11 mixed mode windows-x86 )
Heap:
 def new generation   total 4928K, used 2734K [0x03e00000, 0x04350000, 0x09350000)
  eden space 4416K,  61% used [0x03e00000, 0x040aafb0, 0x04250000)
  from space 512K,   0% used [0x042d0000, 0x042d0940, 0x04350000)
  to   space 512K,   0% used [0x04250000, 0x04250000, 0x042d0000)
 tenured generation   total 10944K, used 7946K [0x09350000, 0x09e00000, 0x13e00000)
   the space 10944K,  72% used [0x09350000, 0x09b12b08, 0x09b12c00, 0x09e00000)
 Metaspace       used 8465K, capacity 8636K, committed 8704K, reserved 9600K
GC Heap History (10 events):
Event: 125.303 GC heap before
{Heap before GC invocations=4 (full 0):
 def new generation   total 4928K, used 4928K [0x03e00000, 0x04350000, 0x09350000)
  eden space 4416K, 100% used [0x03e00000, 0x04250000, 0x04250000)
  from space 512K, 100% used [0x04250000, 0x042d0000, 0x042d0000)
  to   space 512K,   0% used [0x042d0000, 0x042d0000, 0x04350000)
 tenured generation   total 10944K, used 7013K [0x09350000, 0x09e00000, 0x13e00000)
   the space 10944K,  64% used [0x09350000, 0x09a29490, 0x09a29600, 0x09e00000)
 Metaspace       used 8461K, capacity 8634K, committed 8704K, reserved 9600K
Event: 125.306 GC heap after
Heap after GC invocations=5 (full 0):
 def new generation   total 4928K, used 512K [0x03e00000, 0x04350000, 0x09350000)
  eden space 4416K,   0% used [0x03e00000, 0x03e00000, 0x04250000)
  from space 512K, 100% used [0x042d0000, 0x04350000, 0x04350000)
  to   space 512K,   0% used [0x04250000, 0x04250000, 0x042d0000)
 tenured generation   total 10944K, used 7627K [0x09350000, 0x09e00000, 0x13e00000)
   the space 10944K,  69% used [0x09350000, 0x09ac2eb0, 0x09ac3000, 0x09e00000)
 Metaspace       used 8461K, capacity 8634K, committed 8704K, reserved 9600K
}
Event: 125.996 GC heap before
{Heap before GC invocations=5 (full 0):
 def new generation   total 4928K, used 4928K [0x03e00000, 0x04350000, 0x09350000)
  eden space 4416K, 100% used [0x03e00000, 0x04250000, 0x04250000)
  from space 512K, 100% used [0x042d0000, 0x04350000, 0x04350000)
  to   space 512K,   0% used [0x04250000, 0x04250000, 0x042d0000)
 tenured generation   total 10944K, used 7627K [0x09350000, 0x09e00000, 0x13e00000)
   the space 10944K,  69% used [0x09350000, 0x09ac2eb0, 0x09ac3000, 0x09e00000)
 Metaspace       used 8464K, capacity 8636K, committed 8704K, reserved 9600K
Event: 125.998 GC heap after
Heap after GC invocations=6 (full 0):
 def new generation   total 4928K, used 152K [0x03e00000, 0x04350000, 0x09350000)
  eden space 4416K,   0% used [0x03e00000, 0x03e00000, 0x04250000)
  from space 512K,  29% used [0x04250000, 0x042762f8, 0x042d0000)
  to   space 512K,   0% used [0x042d0000, 0x042d0000, 0x04350000)
 tenured generation   total 10944K, used 7946K [0x09350000, 0x09e00000, 0x13e00000)
   the space 10944K,  72% used [0x09350000, 0x09b12b08, 0x09b12c00, 0x09e00000)
 Metaspace       used 8464K, capacity 8636K, committed 8704K, reserved 9600K
}
Event: 126.649 GC heap before
{Heap before GC invocations=6 (full 0):
 def new generation   total 4928K, used 4568K [0x03e00000, 0x04350000, 0x09350000)
  eden space 4416K, 100% used [0x03e00000, 0x04250000, 0x04250000)
  from space 512K,  29% used [0x04250000, 0x042762f8, 0x042d0000)
  to   space 512K,   0% used [0x042d0000, 0x042d0000, 0x04350000)
 tenured generation   total 10944K, used 7946K [0x09350000, 0x09e00000, 0x13e00000)
   the space 10944K,  72% used [0x09350000, 0x09b12b08, 0x09b12c00, 0x09e00000)
 Metaspace       used 8464K, capacity 8636K, committed 8704K, reserved 9600K
Event: 126.650 GC heap after
Heap after GC invocations=7 (full 0):
 def new generation   total 4928K, used 3K [0x03e00000, 0x04350000, 0x09350000)
  eden space 4416K,   0% used [0x03e00000, 0x03e00000, 0x04250000)
  from space 512K,   0% used [0x042d0000, 0x042d0d48, 0x04350000)
  to   space 512K,   0% used [0x04250000, 0x04250000, 0x042d0000)
 tenured generation   total 10944K, used 7946K [0x09350000, 0x09e00000, 0x13e00000)
   the space 10944K,  72% used [0x09350000, 0x09b12b08, 0x09b12c00, 0x09e00000)
 Metaspace       used 8464K, capacity 8636K, committed 8704K, reserved 9600K
}
Event: 127.280 GC heap before
{Heap before GC invocations=7 (full 0):
 def new generation   total 4928K, used 4419K [0x03e00000, 0x04350000, 0x09350000)
  eden space 4416K, 100% used [0x03e00000, 0x04250000, 0x04250000)
  from space 512K,   0% used [0x042d0000, 0x042d0d48, 0x04350000)
  to   space 512K,   0% used [0x04250000, 0x04250000, 0x042d0000)
 tenured generation   total 10944K, used 7946K [0x09350000, 0x09e00000, 0x13e00000)
   the space 10944K,  72% used [0x09350000, 0x09b12b08, 0x09b12c00, 0x09e00000)
 Metaspace       used 8464K, capacity 8636K, committed 8704K, reserved 9600K
Event: 127.281 GC heap after
Heap after GC invocations=8 (full 0):
 def new generation   total 4928K, used 2K [0x03e00000, 0x04350000, 0x09350000)
  eden space 4416K,   0% used [0x03e00000, 0x03e00000, 0x04250000)
  from space 512K,   0% used [0x04250000, 0x042508d8, 0x042d0000)
  to   space 512K,   0% used [0x042d0000, 0x042d0000, 0x04350000)
 tenured generation   total 10944K, used 7946K [0x09350000, 0x09e00000, 0x13e00000)
   the space 10944K,  72% used [0x09350000, 0x09b12b08, 0x09b12c00, 0x09e00000)
 Metaspace       used 8464K, capacity 8636K, committed 8704K, reserved 9600K
}
Event: 127.909 GC heap before
{Heap before GC invocations=8 (full 0):
 def new generation   total 4928K, used 4418K [0x03e00000, 0x04350000, 0x09350000)
  eden space 4416K, 100% used [0x03e00000, 0x04250000, 0x04250000)
  from space 512K,   0% used [0x04250000, 0x042508d8, 0x042d0000)
  to   space 512K,   0% used [0x042d0000, 0x042d0000, 0x04350000)
 tenured generation   total 10944K, used 7946K [0x09350000, 0x09e00000, 0x13e00000)
   the space 10944K,  72% used [0x09350000, 0x09b12b08, 0x09b12c00, 0x09e00000)
 Metaspace       used 8464K, capacity 8636K, committed 8704K, reserved 9600K
Event: 127.910 GC heap after
Heap after GC invocations=9 (full 0):
 def new generation   total 4928K, used 2K [0x03e00000, 0x04350000, 0x09350000)
  eden space 4416K,   0% used [0x03e00000, 0x03e00000, 0x04250000)
  from space 512K,   0% used [0x042d0000, 0x042d0940, 0x04350000)
  to   space 512K,   0% used [0x04250000, 0x04250000, 0x042d0000)
 tenured generation   total 10944K, used 7946K [0x09350000, 0x09e00000, 0x13e00000)
   the space 10944K,  72% used [0x09350000, 0x09b12b08, 0x09b12c00, 0x09e00000)
 Metaspace       used 8464K, capacity 8636K, committed 8704K, reserved 9600K
}

