# JRE version: Java(TM) SE Runtime Environment (8.0_171-b11) (build 1.8.0_171-b11)
# Java VM: Java HotSpot(TM) Client VM (25.171-b11 mixed mode windows-x86 )
Heap:
 def new generation   total 7168K, used 4113K [0x03e00000, 0x045c0000, 0x09350000)
  eden space 6400K,  64% used [0x03e00000, 0x042044f8, 0x04440000)
  from space 768K,   0% used [0x04500000, 0x045000e8, 0x045c0000)
  to   space 768K,   0% used [0x04440000, 0x04440000, 0x04500000)
 tenured generation   total 15752K, used 9452K [0x09350000, 0x0a2b2000, 0x13e00000)
   the space 15752K,  60% used [0x09350000, 0x09c8b1a8, 0x09c8b200, 0x0a2b2000)
 Metaspace       used 8458K, capacity 8651K, committed 8704K, reserved 9600K
GC Heap History (10 events):
Event: 45.884 GC heap before
{Heap before GC invocations=22 (full 1):
 def new generation   total 7168K, used 6400K [0x03e00000, 0x045c0000, 0x09350000)
  eden space 6400K, 100% used [0x03e00000, 0x04440000, 0x04440000)
  from space 768K,   0% used [0x04440000, 0x04440168, 0x04500000)
  to   space 768K,   0% used [0x04500000, 0x04500000, 0x045c0000)
 tenured generation   total 15752K, used 9452K [0x09350000, 0x0a2b2000, 0x13e00000)
   the space 15752K,  60% used [0x09350000, 0x09c8b178, 0x09c8b200, 0x0a2b2000)
 Metaspace       used 8457K, capacity 8651K, committed 8704K, reserved 9600K
Event: 45.885 GC heap after
Heap after GC invocations=23 (full 1):
 def new generation   total 7168K, used 0K [0x03e00000, 0x045c0000, 0x09350000)
  eden space 6400K,   0% used [0x03e00000, 0x03e00000, 0x04440000)
  from space 768K,   0% used [0x04500000, 0x04500168, 0x045c0000)
  to   space 768K,   0% used [0x04440000, 0x04440000, 0x04500000)
 tenured generation   total 15752K, used 9452K [0x09350000, 0x0a2b2000, 0x13e00000)
   the space 15752K,  60% used [0x09350000, 0x09c8b1a8, 0x09c8b200, 0x0a2b2000)
 Metaspace       used 8457K, capacity 8651K, committed 8704K, reserved 9600K
}
Event: 46.806 GC heap before
{Heap before GC invocations=23 (full 1):
 def new generation   total 7168K, used 6400K [0x03e00000, 0x045c0000, 0x09350000)
  eden space 6400K, 100% used [0x03e00000, 0x04440000, 0x04440000)
  from space 768K,   0% used [0x04500000, 0x04500168, 0x045c0000)
  to   space 768K,   0% used [0x04440000, 0x04440000, 0x04500000)
 tenured generation   total 15752K, used 9452K [0x09350000, 0x0a2b2000, 0x13e00000)
   the space 15752K,  60% used [0x09350000, 0x09c8b1a8, 0x09c8b200, 0x0a2b2000)
 Metaspace       used 8457K, capacity 8651K, committed 8704K, reserved 9600K
Event: 46.807 GC heap after
Heap after GC invocations=24 (full 1):
 def new generation   total 7168K, used 0K [0x03e00000, 0x045c0000, 0x09350000)
  eden space 6400K,   0% used [0x03e00000, 0x03e00000, 0x04440000)
  from space 768K,   0% used [0x04440000, 0x04440138, 0x04500000)
  to   space 768K,   0% used [0x04500000, 0x04500000, 0x045c0000)
 tenured generation   total 15752K, used 9452K [0x09350000, 0x0a2b2000, 0x13e00000)
   the space 15752K,  60% used [0x09350000, 0x09c8b1a8, 0x09c8b200, 0x0a2b2000)
 Metaspace       used 8457K, capacity 8651K, committed 8704K, reserved 9600K
}
Event: 47.719 GC heap before
{Heap before GC invocations=24 (full 1):
 def new generation   total 7168K, used 6400K [0x03e00000, 0x045c0000, 0x09350000)
  eden space 6400K, 100% used [0x03e00000, 0x04440000, 0x04440000)
  from space 768K,   0% used [0x04440000, 0x04440138, 0x04500000)
  to   space 768K,   0% used [0x04500000, 0x04500000, 0x045c0000)
 tenured generation   total 15752K, used 9452K [0x09350000, 0x0a2b2000, 0x13e00000)
   the space 15752K,  60% used [0x09350000, 0x09c8b1a8, 0x09c8b200, 0x0a2b2000)
 Metaspace       used 8457K, capacity 8651K, committed 8704K, reserved 9600K
Event: 47.720 GC heap after
Heap after GC invocations=25 (full 1):
 def new generation   total 7168K, used 0K [0x03e00000, 0x045c0000, 0x09350000)
  eden space 6400K,   0% used [0x03e00000, 0x03e00000, 0x04440000)
  from space 768K,   0% used [0x04500000, 0x04500148, 0x045c0000)
  to   space 768K,   0% used [0x04440000, 0x04440000, 0x04500000)
 tenured generation   total 15752K, used 9452K [0x09350000, 0x0a2b2000, 0x13e00000)
   the space 15752K,  60% used [0x09350000, 0x09c8b1a8, 0x09c8b200, 0x0a2b2000)
 Metaspace       used 8457K, capacity 8651K, committed 8704K, reserved 9600K
}
Event: 48.640 GC heap before
{Heap before GC invocations=25 (full 1):
 def new generation   total 7168K, used 6400K [0x03e00000, 0x045c0000, 0x09350000)
  eden space 6400K, 100% used [0x03e00000, 0x04440000, 0x04440000)
  from space 768K,   0% used [0x04500000, 0x04500148, 0x045c0000)
  to   space 768K,   0% used [0x04440000, 0x04440000, 0x04500000)
 tenured generation   total 15752K, used 9452K [0x09350000, 0x0a2b2000, 0x13e00000)
   the space 15752K,  60% used [0x09350000, 0x09c8b1a8, 0x09c8b200, 0x0a2b2000)
 Metaspace       used 8457K, capacity 8651K, committed 8704K, reserved 9600K
Event: 48.641 GC heap after
Heap after GC invocations=26 (full 1):
 def new generation   total 7168K, used 0K [0x03e00000, 0x045c0000, 0x09350000)
  eden space 6400K,   0% used [0x03e00000, 0x03e00000, 0x04440000)
  from space 768K,   0% used [0x04440000, 0x04440110, 0x04500000)
  to   space 768K,   0% used [0x04500000, 0x04500000, 0x045c0000)
 tenured generation   total 15752K, used 9452K [0x09350000, 0x0a2b2000, 0x13e00000)
   the space 15752K,  60% used [0x09350000, 0x09c8b1a8, 0x09c8b200, 0x0a2b2000)
 Metaspace       used 8457K, capacity 8651K, committed 8704K, reserved 9600K
}
Event: 49.531 GC heap before
{Heap before GC invocations=26 (full 1):
 def new generation   total 7168K, used 6400K [0x03e00000, 0x045c0000, 0x09350000)
  eden space 6400K, 100% used [0x03e00000, 0x04440000, 0x04440000)
  from space 768K,   0% used [0x04440000, 0x04440110, 0x04500000)
  to   space 768K,   0% used [0x04500000, 0x04500000, 0x045c0000)
 tenured generation   total 15752K, used 9452K [0x09350000, 0x0a2b2000, 0x13e00000)
   the space 15752K,  60% used [0x09350000, 0x09c8b1a8, 0x09c8b200, 0x0a2b2000)
 Metaspace       used 8457K, capacity 8651K, committed 8704K, reserved 9600K
Event: 49.531 GC heap after
Heap after GC invocations=27 (full 1):
 def new generation   total 7168K, used 0K [0x03e00000, 0x045c0000, 0x09350000)
  eden space 6400K,   0% used [0x03e00000, 0x03e00000, 0x04440000)
  from space 768K,   0% used [0x04500000, 0x045000e8, 0x045c0000)
  to   space 768K,   0% used [0x04440000, 0x04440000, 0x04500000)
 tenured generation   total 15752K, used 9452K [0x09350000, 0x0a2b2000, 0x13e00000)
   the space 15752K,  60% used [0x09350000, 0x09c8b1a8, 0x09c8b200, 0x0a2b2000)
 Metaspace       used 8457K, capacity 8651K, committed 8704K, reserved 9600K
}

