# JRE version: Java(TM) SE Runtime Environment (8.0_171-b11) (build 1.8.0_171-b11)
# Java VM: Java HotSpot(TM) Client VM (25.171-b11 mixed mode windows-x86 )
Heap:
 def new generation   total 4928K, used 134K [0x03c00000, 0x04150000, 0x09150000)
  eden space 4416K,   3% used [0x03c00000, 0x03c214d8, 0x04050000)
  from space 512K,   0% used [0x040d0000, 0x040d0710, 0x04150000)
  to   space 512K,   0% used [0x04050000, 0x04050000, 0x040d0000)
 tenured generation   total 10944K, used 9252K [0x09150000, 0x09c00000, 0x13c00000)
   the space 10944K,  84% used [0x09150000, 0x09a59208, 0x09a59400, 0x09c00000)
 Metaspace       used 9097K, capacity 9330K, committed 9472K, reserved 9600K
GC Heap History (10 events):
Event: 420.896 GC heap before
{Heap before GC invocations=460 (full 0):
 def new generation   total 4928K, used 4417K [0x03c00000, 0x04150000, 0x09150000)
  eden space 4416K, 100% used [0x03c00000, 0x04050000, 0x04050000)
  from space 512K,   0% used [0x04050000, 0x04050578, 0x040d0000)
  to   space 512K,   0% used [0x040d0000, 0x040d0000, 0x04150000)
 tenured generation   total 10944K, used 9252K [0x09150000, 0x09c00000, 0x13c00000)
   the space 10944K,  84% used [0x09150000, 0x09a59208, 0x09a59400, 0x09c00000)
 Metaspace       used 9096K, capacity 9330K, committed 9472K, reserved 9600K
Event: 420.897 GC heap after
Heap after GC invocations=461 (full 0):
 def new generation   total 4928K, used 1K [0x03c00000, 0x04150000, 0x09150000)
  eden space 4416K,   0% used [0x03c00000, 0x03c00000, 0x04050000)
  from space 512K,   0% used [0x040d0000, 0x040d0450, 0x04150000)
  to   space 512K,   0% used [0x04050000, 0x04050000, 0x040d0000)
 tenured generation   total 10944K, used 9252K [0x09150000, 0x09c00000, 0x13c00000)
   the space 10944K,  84% used [0x09150000, 0x09a59208, 0x09a59400, 0x09c00000)
 Metaspace       used 9096K, capacity 9330K, committed 9472K, reserved 9600K
}
Event: 421.755 GC heap before
{Heap before GC invocations=461 (full 0):
 def new generation   total 4928K, used 4417K [0x03c00000, 0x04150000, 0x09150000)
  eden space 4416K, 100% used [0x03c00000, 0x04050000, 0x04050000)
  from space 512K,   0% used [0x040d0000, 0x040d0450, 0x04150000)
  to   space 512K,   0% used [0x04050000, 0x04050000, 0x040d0000)
 tenured generation   total 10944K, used 9252K [0x09150000, 0x09c00000, 0x13c00000)
   the space 10944K,  84% used [0x09150000, 0x09a59208, 0x09a59400, 0x09c00000)
 Metaspace       used 9096K, capacity 9330K, committed 9472K, reserved 9600K
Event: 421.756 GC heap after
Heap after GC invocations=462 (full 0):
 def new generation   total 4928K, used 1K [0x03c00000, 0x04150000, 0x09150000)
  eden space 4416K,   0% used [0x03c00000, 0x03c00000, 0x04050000)
  from space 512K,   0% used [0x04050000, 0x04050438, 0x040d0000)
  to   space 512K,   0% used [0x040d0000, 0x040d0000, 0x04150000)
 tenured generation   total 10944K, used 9252K [0x09150000, 0x09c00000, 0x13c00000)
   the space 10944K,  84% used [0x09150000, 0x09a59208, 0x09a59400, 0x09c00000)
 Metaspace       used 9096K, capacity 9330K, committed 9472K, reserved 9600K
}
Event: 422.554 GC heap before
{Heap before GC invocations=462 (full 0):
 def new generation   total 4928K, used 4417K [0x03c00000, 0x04150000, 0x09150000)
  eden space 4416K, 100% used [0x03c00000, 0x04050000, 0x04050000)
  from space 512K,   0% used [0x04050000, 0x04050438, 0x040d0000)
  to   space 512K,   0% used [0x040d0000, 0x040d0000, 0x04150000)
 tenured generation   total 10944K, used 9252K [0x09150000, 0x09c00000, 0x13c00000)
   the space 10944K,  84% used [0x09150000, 0x09a59208, 0x09a59400, 0x09c00000)
 Metaspace       used 9096K, capacity 9330K, committed 9472K, reserved 9600K
Event: 422.555 GC heap after
Heap after GC invocations=463 (full 0):
 def new generation   total 4928K, used 1K [0x03c00000, 0x04150000, 0x09150000)
  eden space 4416K,   0% used [0x03c00000, 0x03c00000, 0x04050000)
  from space 512K,   0% used [0x040d0000, 0x040d0410, 0x04150000)
  to   space 512K,   0% used [0x04050000, 0x04050000, 0x040d0000)
 tenured generation   total 10944K, used 9252K [0x09150000, 0x09c00000, 0x13c00000)
   the space 10944K,  84% used [0x09150000, 0x09a59208, 0x09a59400, 0x09c00000)
 Metaspace       used 9096K, capacity 9330K, committed 9472K, reserved 9600K
}
Event: 423.314 GC heap before
{Heap before GC invocations=463 (full 0):
 def new generation   total 4928K, used 4417K [0x03c00000, 0x04150000, 0x09150000)
  eden space 4416K, 100% used [0x03c00000, 0x04050000, 0x04050000)
  from space 512K,   0% used [0x040d0000, 0x040d0410, 0x04150000)
  to   space 512K,   0% used [0x04050000, 0x04050000, 0x040d0000)
 tenured generation   total 10944K, used 9252K [0x09150000, 0x09c00000, 0x13c00000)
   the space 10944K,  84% used [0x09150000, 0x09a59208, 0x09a59400, 0x09c00000)
 Metaspace       used 9096K, capacity 9330K, committed 9472K, reserved 9600K
Event: 423.315 GC heap after
Heap after GC invocations=464 (full 0):
 def new generation   total 4928K, used 1K [0x03c00000, 0x04150000, 0x09150000)
  eden space 4416K,   0% used [0x03c00000, 0x03c00000, 0x04050000)
  from space 512K,   0% used [0x04050000, 0x04050438, 0x040d0000)
  to   space 512K,   0% used [0x040d0000, 0x040d0000, 0x04150000)
 tenured generation   total 10944K, used 9252K [0x09150000, 0x09c00000, 0x13c00000)
   the space 10944K,  84% used [0x09150000, 0x09a59208, 0x09a59400, 0x09c00000)
 Metaspace       used 9096K, capacity 9330K, committed 9472K, reserved 9600K
}
Event: 423.969 GC heap before
{Heap before GC invocations=464 (full 0):
 def new generation   total 4928K, used 4417K [0x03c00000, 0x04150000, 0x09150000)
  eden space 4416K, 100% used [0x03c00000, 0x04050000, 0x04050000)
  from space 512K,   0% used [0x04050000, 0x04050438, 0x040d0000)
  to   space 512K,   0% used [0x040d0000, 0x040d0000, 0x04150000)
 tenured generation   total 10944K, used 9252K [0x09150000, 0x09c00000, 0x13c00000)
   the space 10944K,  84% used [0x09150000, 0x09a59208, 0x09a59400, 0x09c00000)
 Metaspace       used 9097K, capacity 9330K, committed 9472K, reserved 9600K
Event: 423.970 GC heap after
Heap after GC invocations=465 (full 0):
 def new generation   total 4928K, used 1K [0x03c00000, 0x04150000, 0x09150000)
  eden space 4416K,   0% used [0x03c00000, 0x03c00000, 0x04050000)
  from space 512K,   0% used [0x040d0000, 0x040d0710, 0x04150000)
  to   space 512K,   0% used [0x04050000, 0x04050000, 0x040d0000)
 tenured generation   total 10944K, used 9252K [0x09150000, 0x09c00000, 0x13c00000)
   the space 10944K,  84% used [0x09150000, 0x09a59208, 0x09a59400, 0x09c00000)
 Metaspace       used 9097K, capacity 9330K, committed 9472K, reserved 9600K
}

