# JRE version: Java(TM) SE Runtime Environment (8.0_171-b11) (build 1.8.0_171-b11)
# Java VM: Java HotSpot(TM) Client VM (25.171-b11 mixed mode windows-x86 )
Heap:
 def new generation   total 6848K, used 5944K [0x03c00000, 0x04360000, 0x09150000)
  eden space 6144K,  96% used [0x03c00000, 0x041ce278, 0x04200000)
  from space 704K,   0% used [0x04200000, 0x042000c0, 0x042b0000)
  to   space 704K,   0% used [0x042b0000, 0x042b0000, 0x04360000)
 tenured generation   total 15044K, used 9031K [0x09150000, 0x0a001000, 0x13c00000)
   the space 15044K,  60% used [0x09150000, 0x09a21fc8, 0x09a22000, 0x0a001000)
 Metaspace       used 8511K, capacity 8693K, committed 8832K, reserved 9600K
GC Heap History (10 events):
Event: 144.045 GC heap before
{Heap before GC invocations=43 (full 1):
 def new generation   total 6848K, used 6144K [0x03c00000, 0x04360000, 0x09150000)
  eden space 6144K, 100% used [0x03c00000, 0x04200000, 0x04200000)
  from space 704K,   0% used [0x042b0000, 0x042b00c0, 0x04360000)
  to   space 704K,   0% used [0x04200000, 0x04200000, 0x042b0000)
 tenured generation   total 15044K, used 9031K [0x09150000, 0x0a001000, 0x13c00000)
   the space 15044K,  60% used [0x09150000, 0x09a21fc8, 0x09a22000, 0x0a001000)
 Metaspace       used 8511K, capacity 8693K, committed 8832K, reserved 9600K
Event: 144.046 GC heap after
Heap after GC invocations=44 (full 1):
 def new generation   total 6848K, used 0K [0x03c00000, 0x04360000, 0x09150000)
  eden space 6144K,   0% used [0x03c00000, 0x03c00000, 0x04200000)
  from space 704K,   0% used [0x04200000, 0x04200100, 0x042b0000)
  to   space 704K,   0% used [0x042b0000, 0x042b0000, 0x04360000)
 tenured generation   total 15044K, used 9031K [0x09150000, 0x0a001000, 0x13c00000)
   the space 15044K,  60% used [0x09150000, 0x09a21fc8, 0x09a22000, 0x0a001000)
 Metaspace       used 8511K, capacity 8693K, committed 8832K, reserved 9600K
}
Event: 144.938 GC heap before
{Heap before GC invocations=44 (full 1):
 def new generation   total 6848K, used 6144K [0x03c00000, 0x04360000, 0x09150000)
  eden space 6144K, 100% used [0x03c00000, 0x04200000, 0x04200000)
  from space 704K,   0% used [0x04200000, 0x04200100, 0x042b0000)
  to   space 704K,   0% used [0x042b0000, 0x042b0000, 0x04360000)
 tenured generation   total 15044K, used 9031K [0x09150000, 0x0a001000, 0x13c00000)
   the space 15044K,  60% used [0x09150000, 0x09a21fc8, 0x09a22000, 0x0a001000)
 Metaspace       used 8511K, capacity 8693K, committed 8832K, reserved 9600K
Event: 144.939 GC heap after
Heap after GC invocations=45 (full 1):
 def new generation   total 6848K, used 0K [0x03c00000, 0x04360000, 0x09150000)
  eden space 6144K,   0% used [0x03c00000, 0x03c00000, 0x04200000)
  from space 704K,   0% used [0x042b0000, 0x042b0180, 0x04360000)
  to   space 704K,   0% used [0x04200000, 0x04200000, 0x042b0000)
 tenured generation   total 15044K, used 9031K [0x09150000, 0x0a001000, 0x13c00000)
   the space 15044K,  60% used [0x09150000, 0x09a21fc8, 0x09a22000, 0x0a001000)
 Metaspace       used 8511K, capacity 8693K, committed 8832K, reserved 9600K
}
Event: 145.842 GC heap before
{Heap before GC invocations=45 (full 1):
 def new generation   total 6848K, used 6144K [0x03c00000, 0x04360000, 0x09150000)
  eden space 6144K, 100% used [0x03c00000, 0x04200000, 0x04200000)
  from space 704K,   0% used [0x042b0000, 0x042b0180, 0x04360000)
  to   space 704K,   0% used [0x04200000, 0x04200000, 0x042b0000)
 tenured generation   total 15044K, used 9031K [0x09150000, 0x0a001000, 0x13c00000)
   the space 15044K,  60% used [0x09150000, 0x09a21fc8, 0x09a22000, 0x0a001000)
 Metaspace       used 8511K, capacity 8693K, committed 8832K, reserved 9600K
Event: 145.843 GC heap after
Heap after GC invocations=46 (full 1):
 def new generation   total 6848K, used 0K [0x03c00000, 0x04360000, 0x09150000)
  eden space 6144K,   0% used [0x03c00000, 0x03c00000, 0x04200000)
  from space 704K,   0% used [0x04200000, 0x04200140, 0x042b0000)
  to   space 704K,   0% used [0x042b0000, 0x042b0000, 0x04360000)
 tenured generation   total 15044K, used 9031K [0x09150000, 0x0a001000, 0x13c00000)
   the space 15044K,  60% used [0x09150000, 0x09a21fc8, 0x09a22000, 0x0a001000)
 Metaspace       used 8511K, capacity 8693K, committed 8832K, reserved 9600K
}
Event: 146.738 GC heap before
{Heap before GC invocations=46 (full 1):
 def new generation   total 6848K, used 6144K [0x03c00000, 0x04360000, 0x09150000)
  eden space 6144K, 100% used [0x03c00000, 0x04200000, 0x04200000)
  from space 704K,   0% used [0x04200000, 0x04200140, 0x042b0000)
  to   space 704K,   0% used [0x042b0000, 0x042b0000, 0x04360000)
 tenured generation   total 15044K, used 9031K [0x09150000, 0x0a001000, 0x13c00000)
   the space 15044K,  60% used [0x09150000, 0x09a21fc8, 0x09a22000, 0x0a001000)
 Metaspace       used 8511K, capacity 8693K, committed 8832K, reserved 9600K
Event: 146.740 GC heap after
Heap after GC invocations=47 (full 1):
 def new generation   total 6848K, used 0K [0x03c00000, 0x04360000, 0x09150000)
  eden space 6144K,   0% used [0x03c00000, 0x03c00000, 0x04200000)
  from space 704K,   0% used [0x042b0000, 0x042b01b8, 0x04360000)
  to   space 704K,   0% used [0x04200000, 0x04200000, 0x042b0000)
 tenured generation   total 15044K, used 9031K [0x09150000, 0x0a001000, 0x13c00000)
   the space 15044K,  60% used [0x09150000, 0x09a21fc8, 0x09a22000, 0x0a001000)
 Metaspace       used 8511K, capacity 8693K, committed 8832K, reserved 9600K
}
Event: 147.721 GC heap before
{Heap before GC invocations=47 (full 1):
 def new generation   total 6848K, used 6144K [0x03c00000, 0x04360000, 0x09150000)
  eden space 6144K, 100% used [0x03c00000, 0x04200000, 0x04200000)
  from space 704K,   0% used [0x042b0000, 0x042b01b8, 0x04360000)
  to   space 704K,   0% used [0x04200000, 0x04200000, 0x042b0000)
 tenured generation   total 15044K, used 9031K [0x09150000, 0x0a001000, 0x13c00000)
   the space 15044K,  60% used [0x09150000, 0x09a21fc8, 0x09a22000, 0x0a001000)
 Metaspace       used 8511K, capacity 8693K, committed 8832K, reserved 9600K
Event: 147.722 GC heap after
Heap after GC invocations=48 (full 1):
 def new generation   total 6848K, used 0K [0x03c00000, 0x04360000, 0x09150000)
  eden space 6144K,   0% used [0x03c00000, 0x03c00000, 0x04200000)
  from space 704K,   0% used [0x04200000, 0x042000c0, 0x042b0000)
  to   space 704K,   0% used [0x042b0000, 0x042b0000, 0x04360000)
 tenured generation   total 15044K, used 9031K [0x09150000, 0x0a001000, 0x13c00000)
   the space 15044K,  60% used [0x09150000, 0x09a21fc8, 0x09a22000, 0x0a001000)
 Metaspace       used 8511K, capacity 8693K, committed 8832K, reserved 9600K
}

