# JRE version: Java(TM) SE Runtime Environment (8.0_171-b11) (build 1.8.0_171-b11)
# Java VM: Java HotSpot(TM) Client VM (25.171-b11 mixed mode windows-x86 )
Heap:
 def new generation   total 4928K, used 494K [0x03e00000, 0x04350000, 0x09350000)
  eden space 4416K,  11% used [0x03e00000, 0x03e7b5a8, 0x04250000)
  from space 512K,   0% used [0x04250000, 0x04250390, 0x042d0000)
  to   space 512K,   0% used [0x042d0000, 0x042d0000, 0x04350000)
 tenured generation   total 10944K, used 10415K [0x09350000, 0x09e00000, 0x13e00000)
   the space 10944K,  95% used [0x09350000, 0x09d7bfd8, 0x09d7c000, 0x09e00000)
 Metaspace       used 8835K, capacity 9039K, committed 9088K, reserved 9600K
GC Heap History (10 events):
Event: 45.110 GC heap before
{Heap before GC invocations=63 (full 0):
 def new generation   total 4928K, used 4417K [0x03e00000, 0x04350000, 0x09350000)
  eden space 4416K, 100% used [0x03e00000, 0x04250000, 0x04250000)
  from space 512K,   0% used [0x042d0000, 0x042d05b0, 0x04350000)
  to   space 512K,   0% used [0x04250000, 0x04250000, 0x042d0000)
 tenured generation   total 10944K, used 10415K [0x09350000, 0x09e00000, 0x13e00000)
   the space 10944K,  95% used [0x09350000, 0x09d7bfd8, 0x09d7c000, 0x09e00000)
 Metaspace       used 8834K, capacity 9039K, committed 9088K, reserved 9600K
Event: 45.111 GC heap after
Heap after GC invocations=64 (full 0):
 def new generation   total 4928K, used 1K [0x03e00000, 0x04350000, 0x09350000)
  eden space 4416K,   0% used [0x03e00000, 0x03e00000, 0x04250000)
  from space 512K,   0% used [0x04250000, 0x04250538, 0x042d0000)
  to   space 512K,   0% used [0x042d0000, 0x042d0000, 0x04350000)
 tenured generation   total 10944K, used 10415K [0x09350000, 0x09e00000, 0x13e00000)
   the space 10944K,  95% used [0x09350000, 0x09d7bfd8, 0x09d7c000, 0x09e00000)
 Metaspace       used 8834K, capacity 9039K, committed 9088K, reserved 9600K
}
Event: 45.687 GC heap before
{Heap before GC invocations=64 (full 0):
 def new generation   total 4928K, used 4417K [0x03e00000, 0x04350000, 0x09350000)
  eden space 4416K, 100% used [0x03e00000, 0x04250000, 0x04250000)
  from space 512K,   0% used [0x04250000, 0x04250538, 0x042d0000)
  to   space 512K,   0% used [0x042d0000, 0x042d0000, 0x04350000)
 tenured generation   total 10944K, used 10415K [0x09350000, 0x09e00000, 0x13e00000)
   the space 10944K,  95% used [0x09350000, 0x09d7bfd8, 0x09d7c000, 0x09e00000)
 Metaspace       used 8834K, capacity 9039K, committed 9088K, reserved 9600K
Event: 45.687 GC heap after
Heap after GC invocations=65 (full 0):
 def new generation   total 4928K, used 1K [0x03e00000, 0x04350000, 0x09350000)
  eden space 4416K,   0% used [0x03e00000, 0x03e00000, 0x04250000)
  from space 512K,   0% used [0x042d0000, 0x042d0440, 0x04350000)
  to   space 512K,   0% used [0x04250000, 0x04250000, 0x042d0000)
 tenured generation   total 10944K, used 10415K [0x09350000, 0x09e00000, 0x13e00000)
   the space 10944K,  95% used [0x09350000, 0x09d7bfd8, 0x09d7c000, 0x09e00000)
 Metaspace       used 8834K, capacity 9039K, committed 9088K, reserved 9600K
}
Event: 46.269 GC heap before
{Heap before GC invocations=65 (full 0):
 def new generation   total 4928K, used 4417K [0x03e00000, 0x04350000, 0x09350000)
  eden space 4416K, 100% used [0x03e00000, 0x04250000, 0x04250000)
  from space 512K,   0% used [0x042d0000, 0x042d0440, 0x04350000)
  to   space 512K,   0% used [0x04250000, 0x04250000, 0x042d0000)
 tenured generation   total 10944K, used 10415K [0x09350000, 0x09e00000, 0x13e00000)
   the space 10944K,  95% used [0x09350000, 0x09d7bfd8, 0x09d7c000, 0x09e00000)
 Metaspace       used 8834K, capacity 9039K, committed 9088K, reserved 9600K
Event: 46.270 GC heap after
Heap after GC invocations=66 (full 0):
 def new generation   total 4928K, used 0K [0x03e00000, 0x04350000, 0x09350000)
  eden space 4416K,   0% used [0x03e00000, 0x03e00000, 0x04250000)
  from space 512K,   0% used [0x04250000, 0x04250348, 0x042d0000)
  to   space 512K,   0% used [0x042d0000, 0x042d0000, 0x04350000)
 tenured generation   total 10944K, used 10415K [0x09350000, 0x09e00000, 0x13e00000)
   the space 10944K,  95% used [0x09350000, 0x09d7bfd8, 0x09d7c000, 0x09e00000)
 Metaspace       used 8834K, capacity 9039K, committed 9088K, reserved 9600K
}
Event: 46.867 GC heap before
{Heap before GC invocations=66 (full 0):
 def new generation   total 4928K, used 4416K [0x03e00000, 0x04350000, 0x09350000)
  eden space 4416K, 100% used [0x03e00000, 0x04250000, 0x04250000)
  from space 512K,   0% used [0x04250000, 0x04250348, 0x042d0000)
  to   space 512K,   0% used [0x042d0000, 0x042d0000, 0x04350000)
 tenured generation   total 10944K, used 10415K [0x09350000, 0x09e00000, 0x13e00000)
   the space 10944K,  95% used [0x09350000, 0x09d7bfd8, 0x09d7c000, 0x09e00000)
 Metaspace       used 8834K, capacity 9039K, committed 9088K, reserved 9600K
Event: 46.868 GC heap after
Heap after GC invocations=67 (full 0):
 def new generation   total 4928K, used 0K [0x03e00000, 0x04350000, 0x09350000)
  eden space 4416K,   0% used [0x03e00000, 0x03e00000, 0x04250000)
  from space 512K,   0% used [0x042d0000, 0x042d03d8, 0x04350000)
  to   space 512K,   0% used [0x04250000, 0x04250000, 0x042d0000)
 tenured generation   total 10944K, used 10415K [0x09350000, 0x09e00000, 0x13e00000)
   the space 10944K,  95% used [0x09350000, 0x09d7bfd8, 0x09d7c000, 0x09e00000)
 Metaspace       used 8834K, capacity 9039K, committed 9088K, reserved 9600K
}
Event: 47.458 GC heap before
{Heap before GC invocations=67 (full 0):
 def new generation   total 4928K, used 4416K [0x03e00000, 0x04350000, 0x09350000)
  eden space 4416K, 100% used [0x03e00000, 0x04250000, 0x04250000)
  from space 512K,   0% used [0x042d0000, 0x042d03d8, 0x04350000)
  to   space 512K,   0% used [0x04250000, 0x04250000, 0x042d0000)
 tenured generation   total 10944K, used 10415K [0x09350000, 0x09e00000, 0x13e00000)
   the space 10944K,  95% used [0x09350000, 0x09d7bfd8, 0x09d7c000, 0x09e00000)
 Metaspace       used 8834K, capacity 9039K, committed 9088K, reserved 9600K
Event: 47.459 GC heap after
Heap after GC invocations=68 (full 0):
 def new generation   total 4928K, used 0K [0x03e00000, 0x04350000, 0x09350000)
  eden space 4416K,   0% used [0x03e00000, 0x03e00000, 0x04250000)
  from space 512K,   0% used [0x04250000, 0x04250390, 0x042d0000)
  to   space 512K,   0% used [0x042d0000, 0x042d0000, 0x04350000)
 tenured generation   total 10944K, used 10415K [0x09350000, 0x09e00000, 0x13e00000)
   the space 10944K,  95% used [0x09350000, 0x09d7bfd8, 0x09d7c000, 0x09e00000)
 Metaspace       used 8834K, capacity 9039K, committed 9088K, reserved 9600K
}

