# JRE version: Java(TM) SE Runtime Environment (8.0_171-b11) (build 1.8.0_171-b11)
# Java VM: Java HotSpot(TM) Client VM (25.171-b11 mixed mode windows-x86 )
Heap:
 def new generation   total 4928K, used 2710K [0x03c00000, 0x04150000, 0x09150000)
  eden space 4416K,  61% used [0x03c00000, 0x03ea57f0, 0x04050000)
  from space 512K,   0% used [0x040d0000, 0x040d0138, 0x04150000)
  to   space 512K,   0% used [0x04050000, 0x04050000, 0x040d0000)
 tenured generation   total 10944K, used 10093K [0x09150000, 0x09c00000, 0x13c00000)
   the space 10944K,  92% used [0x09150000, 0x09b2b500, 0x09b2b600, 0x09c00000)
 Metaspace       used 8454K, capacity 8636K, committed 8704K, reserved 9600K
GC Heap History (10 events):
Event: 64.724 GC heap before
{Heap before GC invocations=84 (full 0):
 def new generation   total 4928K, used 4416K [0x03c00000, 0x04150000, 0x09150000)
  eden space 4416K, 100% used [0x03c00000, 0x04050000, 0x04050000)
  from space 512K,   0% used [0x04050000, 0x04050180, 0x040d0000)
  to   space 512K,   0% used [0x040d0000, 0x040d0000, 0x04150000)
 tenured generation   total 10944K, used 10093K [0x09150000, 0x09c00000, 0x13c00000)
   the space 10944K,  92% used [0x09150000, 0x09b2b4d0, 0x09b2b600, 0x09c00000)
 Metaspace       used 8453K, capacity 8636K, committed 8704K, reserved 9600K
Event: 64.724 GC heap after
Heap after GC invocations=85 (full 0):
 def new generation   total 4928K, used 0K [0x03c00000, 0x04150000, 0x09150000)
  eden space 4416K,   0% used [0x03c00000, 0x03c00000, 0x04050000)
  from space 512K,   0% used [0x040d0000, 0x040d00c0, 0x04150000)
  to   space 512K,   0% used [0x04050000, 0x04050000, 0x040d0000)
 tenured generation   total 10944K, used 10093K [0x09150000, 0x09c00000, 0x13c00000)
   the space 10944K,  92% used [0x09150000, 0x09b2b4d0, 0x09b2b600, 0x09c00000)
 Metaspace       used 8453K, capacity 8636K, committed 8704K, reserved 9600K
}
Event: 65.387 GC heap before
{Heap before GC invocations=85 (full 0):
 def new generation   total 4928K, used 4416K [0x03c00000, 0x04150000, 0x09150000)
  eden space 4416K, 100% used [0x03c00000, 0x04050000, 0x04050000)
  from space 512K,   0% used [0x040d0000, 0x040d00c0, 0x04150000)
  to   space 512K,   0% used [0x04050000, 0x04050000, 0x040d0000)
 tenured generation   total 10944K, used 10093K [0x09150000, 0x09c00000, 0x13c00000)
   the space 10944K,  92% used [0x09150000, 0x09b2b4d0, 0x09b2b600, 0x09c00000)
 Metaspace       used 8453K, capacity 8636K, committed 8704K, reserved 9600K
Event: 65.389 GC heap after
Heap after GC invocations=86 (full 0):
 def new generation   total 4928K, used 0K [0x03c00000, 0x04150000, 0x09150000)
  eden space 4416K,   0% used [0x03c00000, 0x03c00000, 0x04050000)
  from space 512K,   0% used [0x04050000, 0x04050178, 0x040d0000)
  to   space 512K,   0% used [0x040d0000, 0x040d0000, 0x04150000)
 tenured generation   total 10944K, used 10093K [0x09150000, 0x09c00000, 0x13c00000)
   the space 10944K,  92% used [0x09150000, 0x09b2b4d0, 0x09b2b600, 0x09c00000)
 Metaspace       used 8453K, capacity 8636K, committed 8704K, reserved 9600K
}
Event: 66.094 GC heap before
{Heap before GC invocations=86 (full 0):
 def new generation   total 4928K, used 4416K [0x03c00000, 0x04150000, 0x09150000)
  eden space 4416K, 100% used [0x03c00000, 0x04050000, 0x04050000)
  from space 512K,   0% used [0x04050000, 0x04050178, 0x040d0000)
  to   space 512K,   0% used [0x040d0000, 0x040d0000, 0x04150000)
 tenured generation   total 10944K, used 10093K [0x09150000, 0x09c00000, 0x13c00000)
   the space 10944K,  92% used [0x09150000, 0x09b2b4d0, 0x09b2b600, 0x09c00000)
 Metaspace       used 8453K, capacity 8636K, committed 8704K, reserved 9600K
Event: 66.095 GC heap after
Heap after GC invocations=87 (full 0):
 def new generation   total 4928K, used 0K [0x03c00000, 0x04150000, 0x09150000)
  eden space 4416K,   0% used [0x03c00000, 0x03c00000, 0x04050000)
  from space 512K,   0% used [0x040d0000, 0x040d0150, 0x04150000)
  to   space 512K,   0% used [0x04050000, 0x04050000, 0x040d0000)
 tenured generation   total 10944K, used 10093K [0x09150000, 0x09c00000, 0x13c00000)
   the space 10944K,  92% used [0x09150000, 0x09b2b500, 0x09b2b600, 0x09c00000)
 Metaspace       used 8453K, capacity 8636K, committed 8704K, reserved 9600K
}
Event: 66.759 GC heap before
{Heap before GC invocations=87 (full 0):
 def new generation   total 4928K, used 4416K [0x03c00000, 0x04150000, 0x09150000)
  eden space 4416K, 100% used [0x03c00000, 0x04050000, 0x04050000)
  from space 512K,   0% used [0x040d0000, 0x040d0150, 0x04150000)
  to   space 512K,   0% used [0x04050000, 0x04050000, 0x040d0000)
 tenured generation   total 10944K, used 10093K [0x09150000, 0x09c00000, 0x13c00000)
   the space 10944K,  92% used [0x09150000, 0x09b2b500, 0x09b2b600, 0x09c00000)
 Metaspace       used 8453K, capacity 8636K, committed 8704K, reserved 9600K
Event: 66.760 GC heap after
Heap after GC invocations=88 (full 0):
 def new generation   total 4928K, used 0K [0x03c00000, 0x04150000, 0x09150000)
  eden space 4416K,   0% used [0x03c00000, 0x03c00000, 0x04050000)
  from space 512K,   0% used [0x04050000, 0x04050110, 0x040d0000)
  to   space 512K,   0% used [0x040d0000, 0x040d0000, 0x04150000)
 tenured generation   total 10944K, used 10093K [0x09150000, 0x09c00000, 0x13c00000)
   the space 10944K,  92% used [0x09150000, 0x09b2b500, 0x09b2b600, 0x09c00000)
 Metaspace       used 8453K, capacity 8636K, committed 8704K, reserved 9600K
}
Event: 67.465 GC heap before
{Heap before GC invocations=88 (full 0):
 def new generation   total 4928K, used 4416K [0x03c00000, 0x04150000, 0x09150000)
  eden space 4416K, 100% used [0x03c00000, 0x04050000, 0x04050000)
  from space 512K,   0% used [0x04050000, 0x04050110, 0x040d0000)
  to   space 512K,   0% used [0x040d0000, 0x040d0000, 0x04150000)
 tenured generation   total 10944K, used 10093K [0x09150000, 0x09c00000, 0x13c00000)
   the space 10944K,  92% used [0x09150000, 0x09b2b500, 0x09b2b600, 0x09c00000)
 Metaspace       used 8453K, capacity 8636K, committed 8704K, reserved 9600K
Event: 67.466 GC heap after
Heap after GC invocations=89 (full 0):
 def new generation   total 4928K, used 0K [0x03c00000, 0x04150000, 0x09150000)
  eden space 4416K,   0% used [0x03c00000, 0x03c00000, 0x04050000)
  from space 512K,   0% used [0x040d0000, 0x040d0138, 0x04150000)
  to   space 512K,   0% used [0x04050000, 0x04050000, 0x040d0000)
 tenured generation   total 10944K, used 10093K [0x09150000, 0x09c00000, 0x13c00000)
   the space 10944K,  92% used [0x09150000, 0x09b2b500, 0x09b2b600, 0x09c00000)
 Metaspace       used 8453K, capacity 8636K, committed 8704K, reserved 9600K
}

