# JRE version: Java(TM) SE Runtime Environment (8.0_171-b11) (build 1.8.0_171-b11)
# Java VM: Java HotSpot(TM) Client VM (25.171-b11 mixed mode windows-x86 )
Heap:
 def new generation   total 4928K, used 2549K [0x03c00000, 0x04150000, 0x09150000)
  eden space 4416K,  57% used [0x03c00000, 0x03e7d4c8, 0x04050000)
  from space 512K,   0% used [0x040d0000, 0x040d0210, 0x04150000)
  to   space 512K,   0% used [0x04050000, 0x04050000, 0x040d0000)
 tenured generation   total 10944K, used 9937K [0x09150000, 0x09c00000, 0x13c00000)
   the space 10944K,  90% used [0x09150000, 0x09b04600, 0x09b04600, 0x09c00000)
 Metaspace       used 9032K, capacity 9257K, committed 9344K, reserved 9600K
GC Heap History (10 events):
Event: 144.531 GC heap before
{Heap before GC invocations=190 (full 0):
 def new generation   total 4928K, used 4416K [0x03c00000, 0x04150000, 0x09150000)
  eden space 4416K, 100% used [0x03c00000, 0x04050000, 0x04050000)
  from space 512K,   0% used [0x04050000, 0x04050210, 0x040d0000)
  to   space 512K,   0% used [0x040d0000, 0x040d0000, 0x04150000)
 tenured generation   total 10944K, used 9937K [0x09150000, 0x09c00000, 0x13c00000)
   the space 10944K,  90% used [0x09150000, 0x09b04600, 0x09b04600, 0x09c00000)
 Metaspace       used 9030K, capacity 9257K, committed 9344K, reserved 9600K
Event: 144.532 GC heap after
Heap after GC invocations=191 (full 0):
 def new generation   total 4928K, used 0K [0x03c00000, 0x04150000, 0x09150000)
  eden space 4416K,   0% used [0x03c00000, 0x03c00000, 0x04050000)
  from space 512K,   0% used [0x040d0000, 0x040d0210, 0x04150000)
  to   space 512K,   0% used [0x04050000, 0x04050000, 0x040d0000)
 tenured generation   total 10944K, used 9937K [0x09150000, 0x09c00000, 0x13c00000)
   the space 10944K,  90% used [0x09150000, 0x09b04600, 0x09b04600, 0x09c00000)
 Metaspace       used 9030K, capacity 9257K, committed 9344K, reserved 9600K
}
Event: 145.165 GC heap before
{Heap before GC invocations=191 (full 0):
 def new generation   total 4928K, used 4416K [0x03c00000, 0x04150000, 0x09150000)
  eden space 4416K, 100% used [0x03c00000, 0x04050000, 0x04050000)
  from space 512K,   0% used [0x040d0000, 0x040d0210, 0x04150000)
  to   space 512K,   0% used [0x04050000, 0x04050000, 0x040d0000)
 tenured generation   total 10944K, used 9937K [0x09150000, 0x09c00000, 0x13c00000)
   the space 10944K,  90% used [0x09150000, 0x09b04600, 0x09b04600, 0x09c00000)
 Metaspace       used 9030K, capacity 9257K, committed 9344K, reserved 9600K
Event: 145.166 GC heap after
Heap after GC invocations=192 (full 0):
 def new generation   total 4928K, used 0K [0x03c00000, 0x04150000, 0x09150000)
  eden space 4416K,   0% used [0x03c00000, 0x03c00000, 0x04050000)
  from space 512K,   0% used [0x04050000, 0x04050210, 0x040d0000)
  to   space 512K,   0% used [0x040d0000, 0x040d0000, 0x04150000)
 tenured generation   total 10944K, used 9937K [0x09150000, 0x09c00000, 0x13c00000)
   the space 10944K,  90% used [0x09150000, 0x09b04600, 0x09b04600, 0x09c00000)
 Metaspace       used 9030K, capacity 9257K, committed 9344K, reserved 9600K
}
Event: 145.863 GC heap before
{Heap before GC invocations=192 (full 0):
 def new generation   total 4928K, used 4416K [0x03c00000, 0x04150000, 0x09150000)
  eden space 4416K, 100% used [0x03c00000, 0x04050000, 0x04050000)
  from space 512K,   0% used [0x04050000, 0x04050210, 0x040d0000)
  to   space 512K,   0% used [0x040d0000, 0x040d0000, 0x04150000)
 tenured generation   total 10944K, used 9937K [0x09150000, 0x09c00000, 0x13c00000)
   the space 10944K,  90% used [0x09150000, 0x09b04600, 0x09b04600, 0x09c00000)
 Metaspace       used 9030K, capacity 9257K, committed 9344K, reserved 9600K
Event: 145.864 GC heap after
Heap after GC invocations=193 (full 0):
 def new generation   total 4928K, used 0K [0x03c00000, 0x04150000, 0x09150000)
  eden space 4416K,   0% used [0x03c00000, 0x03c00000, 0x04050000)
  from space 512K,   0% used [0x040d0000, 0x040d0210, 0x04150000)
  to   space 512K,   0% used [0x04050000, 0x04050000, 0x040d0000)
 tenured generation   total 10944K, used 9937K [0x09150000, 0x09c00000, 0x13c00000)
   the space 10944K,  90% used [0x09150000, 0x09b04600, 0x09b04600, 0x09c00000)
 Metaspace       used 9030K, capacity 9257K, committed 9344K, reserved 9600K
}
Event: 146.499 GC heap before
{Heap before GC invocations=193 (full 0):
 def new generation   total 4928K, used 4416K [0x03c00000, 0x04150000, 0x09150000)
  eden space 4416K, 100% used [0x03c00000, 0x04050000, 0x04050000)
  from space 512K,   0% used [0x040d0000, 0x040d0210, 0x04150000)
  to   space 512K,   0% used [0x04050000, 0x04050000, 0x040d0000)
 tenured generation   total 10944K, used 9937K [0x09150000, 0x09c00000, 0x13c00000)
   the space 10944K,  90% used [0x09150000, 0x09b04600, 0x09b04600, 0x09c00000)
 Metaspace       used 9030K, capacity 9257K, committed 9344K, reserved 9600K
Event: 146.500 GC heap after
Heap after GC invocations=194 (full 0):
 def new generation   total 4928K, used 0K [0x03c00000, 0x04150000, 0x09150000)
  eden space 4416K,   0% used [0x03c00000, 0x03c00000, 0x04050000)
  from space 512K,   0% used [0x04050000, 0x04050210, 0x040d0000)
  to   space 512K,   0% used [0x040d0000, 0x040d0000, 0x04150000)
 tenured generation   total 10944K, used 9937K [0x09150000, 0x09c00000, 0x13c00000)
   the space 10944K,  90% used [0x09150000, 0x09b04600, 0x09b04600, 0x09c00000)
 Metaspace       used 9030K, capacity 9257K, committed 9344K, reserved 9600K
}
Event: 147.125 GC heap before
{Heap before GC invocations=194 (full 0):
 def new generation   total 4928K, used 4416K [0x03c00000, 0x04150000, 0x09150000)
  eden space 4416K, 100% used [0x03c00000, 0x04050000, 0x04050000)
  from space 512K,   0% used [0x04050000, 0x04050210, 0x040d0000)
  to   space 512K,   0% used [0x040d0000, 0x040d0000, 0x04150000)
 tenured generation   total 10944K, used 9937K [0x09150000, 0x09c00000, 0x13c00000)
   the space 10944K,  90% used [0x09150000, 0x09b04600, 0x09b04600, 0x09c00000)
 Metaspace       used 9030K, capacity 9257K, committed 9344K, reserved 9600K
Event: 147.125 GC heap after
Heap after GC invocations=195 (full 0):
 def new generation   total 4928K, used 0K [0x03c00000, 0x04150000, 0x09150000)
  eden space 4416K,   0% used [0x03c00000, 0x03c00000, 0x04050000)
  from space 512K,   0% used [0x040d0000, 0x040d0210, 0x04150000)
  to   space 512K,   0% used [0x04050000, 0x04050000, 0x040d0000)
 tenured generation   total 10944K, used 9937K [0x09150000, 0x09c00000, 0x13c00000)
   the space 10944K,  90% used [0x09150000, 0x09b04600, 0x09b04600, 0x09c00000)
 Metaspace       used 9030K, capacity 9257K, committed 9344K, reserved 9600K
}

