# JRE version: Java(TM) SE Runtime Environment (8.0_171-b11) (build 1.8.0_171-b11)
# Java VM: Java HotSpot(TM) Client VM (25.171-b11 mixed mode windows-x86 )
Heap:
 def new generation   total 4928K, used 134K [0x03e00000, 0x04350000, 0x09350000)
  eden space 4416K,   3% used [0x03e00000, 0x03e214a0, 0x04250000)
  from space 512K,   0% used [0x04250000, 0x04250690, 0x042d0000)
  to   space 512K,   0% used [0x042d0000, 0x042d0000, 0x04350000)
 tenured generation   total 10944K, used 7767K [0x09350000, 0x09e00000, 0x13e00000)
   the space 10944K,  70% used [0x09350000, 0x09ae5fe8, 0x09ae6000, 0x09e00000)
 Metaspace       used 8505K, capacity 8697K, committed 8832K, reserved 9600K
GC Heap History (10 events):
Event: 47.603 GC heap before
{Heap before GC invocations=59 (full 0):
 def new generation   total 4928K, used 4417K [0x03e00000, 0x04350000, 0x09350000)
  eden space 4416K, 100% used [0x03e00000, 0x04250000, 0x04250000)
  from space 512K,   0% used [0x042d0000, 0x042d0430, 0x04350000)
  to   space 512K,   0% used [0x04250000, 0x04250000, 0x042d0000)
 tenured generation   total 10944K, used 7767K [0x09350000, 0x09e00000, 0x13e00000)
   the space 10944K,  70% used [0x09350000, 0x09ae5f90, 0x09ae6000, 0x09e00000)
 Metaspace       used 8503K, capacity 8697K, committed 8832K, reserved 9600K
Event: 47.604 GC heap after
Heap after GC invocations=60 (full 0):
 def new generation   total 4928K, used 0K [0x03e00000, 0x04350000, 0x09350000)
  eden space 4416K,   0% used [0x03e00000, 0x03e00000, 0x04250000)
  from space 512K,   0% used [0x04250000, 0x042503c8, 0x042d0000)
  to   space 512K,   0% used [0x042d0000, 0x042d0000, 0x04350000)
 tenured generation   total 10944K, used 7767K [0x09350000, 0x09e00000, 0x13e00000)
   the space 10944K,  70% used [0x09350000, 0x09ae5f90, 0x09ae6000, 0x09e00000)
 Metaspace       used 8503K, capacity 8697K, committed 8832K, reserved 9600K
}
Event: 48.184 GC heap before
{Heap before GC invocations=60 (full 0):
 def new generation   total 4928K, used 4416K [0x03e00000, 0x04350000, 0x09350000)
  eden space 4416K, 100% used [0x03e00000, 0x04250000, 0x04250000)
  from space 512K,   0% used [0x04250000, 0x042503c8, 0x042d0000)
  to   space 512K,   0% used [0x042d0000, 0x042d0000, 0x04350000)
 tenured generation   total 10944K, used 7767K [0x09350000, 0x09e00000, 0x13e00000)
   the space 10944K,  70% used [0x09350000, 0x09ae5f90, 0x09ae6000, 0x09e00000)
 Metaspace       used 8503K, capacity 8697K, committed 8832K, reserved 9600K
Event: 48.184 GC heap after
Heap after GC invocations=61 (full 0):
 def new generation   total 4928K, used 1K [0x03e00000, 0x04350000, 0x09350000)
  eden space 4416K,   0% used [0x03e00000, 0x03e00000, 0x04250000)
  from space 512K,   0% used [0x042d0000, 0x042d0468, 0x04350000)
  to   space 512K,   0% used [0x04250000, 0x04250000, 0x042d0000)
 tenured generation   total 10944K, used 7767K [0x09350000, 0x09e00000, 0x13e00000)
   the space 10944K,  70% used [0x09350000, 0x09ae5f90, 0x09ae6000, 0x09e00000)
 Metaspace       used 8503K, capacity 8697K, committed 8832K, reserved 9600K
}
Event: 48.773 GC heap before
{Heap before GC invocations=61 (full 0):
 def new generation   total 4928K, used 4417K [0x03e00000, 0x04350000, 0x09350000)
  eden space 4416K, 100% used [0x03e00000, 0x04250000, 0x04250000)
  from space 512K,   0% used [0x042d0000, 0x042d0468, 0x04350000)
  to   space 512K,   0% used [0x04250000, 0x04250000, 0x042d0000)
 tenured generation   total 10944K, used 7767K [0x09350000, 0x09e00000, 0x13e00000)
   the space 10944K,  70% used [0x09350000, 0x09ae5f90, 0x09ae6000, 0x09e00000)
 Metaspace       used 8503K, capacity 8697K, committed 8832K, reserved 9600K
Event: 48.774 GC heap after
Heap after GC invocations=62 (full 0):
 def new generation   total 4928K, used 0K [0x03e00000, 0x04350000, 0x09350000)
  eden space 4416K,   0% used [0x03e00000, 0x03e00000, 0x04250000)
  from space 512K,   0% used [0x04250000, 0x042503c8, 0x042d0000)
  to   space 512K,   0% used [0x042d0000, 0x042d0000, 0x04350000)
 tenured generation   total 10944K, used 7767K [0x09350000, 0x09e00000, 0x13e00000)
   the space 10944K,  70% used [0x09350000, 0x09ae5f90, 0x09ae6000, 0x09e00000)
 Metaspace       used 8503K, capacity 8697K, committed 8832K, reserved 9600K
}
Event: 49.353 GC heap before
{Heap before GC invocations=62 (full 0):
 def new generation   total 4928K, used 4416K [0x03e00000, 0x04350000, 0x09350000)
  eden space 4416K, 100% used [0x03e00000, 0x04250000, 0x04250000)
  from space 512K,   0% used [0x04250000, 0x042503c8, 0x042d0000)
  to   space 512K,   0% used [0x042d0000, 0x042d0000, 0x04350000)
 tenured generation   total 10944K, used 7767K [0x09350000, 0x09e00000, 0x13e00000)
   the space 10944K,  70% used [0x09350000, 0x09ae5f90, 0x09ae6000, 0x09e00000)
 Metaspace       used 8503K, capacity 8697K, committed 8832K, reserved 9600K
Event: 49.354 GC heap after
Heap after GC invocations=63 (full 0):
 def new generation   total 4928K, used 1K [0x03e00000, 0x04350000, 0x09350000)
  eden space 4416K,   0% used [0x03e00000, 0x03e00000, 0x04250000)
  from space 512K,   0% used [0x042d0000, 0x042d0468, 0x04350000)
  to   space 512K,   0% used [0x04250000, 0x04250000, 0x042d0000)
 tenured generation   total 10944K, used 7767K [0x09350000, 0x09e00000, 0x13e00000)
   the space 10944K,  70% used [0x09350000, 0x09ae5f90, 0x09ae6000, 0x09e00000)
 Metaspace       used 8503K, capacity 8697K, committed 8832K, reserved 9600K
}
Event: 49.928 GC heap before
{Heap before GC invocations=63 (full 0):
 def new generation   total 4928K, used 4417K [0x03e00000, 0x04350000, 0x09350000)
  eden space 4416K, 100% used [0x03e00000, 0x04250000, 0x04250000)
  from space 512K,   0% used [0x042d0000, 0x042d0468, 0x04350000)
  to   space 512K,   0% used [0x04250000, 0x04250000, 0x042d0000)
 tenured generation   total 10944K, used 7767K [0x09350000, 0x09e00000, 0x13e00000)
   the space 10944K,  70% used [0x09350000, 0x09ae5f90, 0x09ae6000, 0x09e00000)
 Metaspace       used 8505K, capacity 8697K, committed 8832K, reserved 9600K
Event: 49.929 GC heap after
Heap after GC invocations=64 (full 0):
 def new generation   total 4928K, used 1K [0x03e00000, 0x04350000, 0x09350000)
  eden space 4416K,   0% used [0x03e00000, 0x03e00000, 0x04250000)
  from space 512K,   0% used [0x04250000, 0x04250690, 0x042d0000)
  to   space 512K,   0% used [0x042d0000, 0x042d0000, 0x04350000)
 tenured generation   total 10944K, used 7767K [0x09350000, 0x09e00000, 0x13e00000)
   the space 10944K,  70% used [0x09350000, 0x09ae5fe8, 0x09ae6000, 0x09e00000)
 Metaspace       used 8505K, capacity 8697K, committed 8832K, reserved 9600K
}

